This is pdfTeX, Version 3.141592653-2.6-1.40.22 (TeX Live 2021) (preloaded format=pdflatex 2022.3.27)  21 JAN 2024 08:09
entering extended mode
 \write18 enabled.
 file:line:error style messages enabled.
 %&-line parsing enabled.
**Project1.tex
(./Project1.tex
LaTeX2e <2020-10-01> patch level 4
L3 programming layer <2021-02-18>
(/usr/local/texlive/2021/texmf-dist/tex/latex/base/article.cls
Document Class: article 2020/04/10 v1.4m Standard LaTeX document class
(/usr/local/texlive/2021/texmf-dist/tex/latex/base/size10.clo
File: size10.clo 2020/04/10 v1.4m Standard LaTeX file (size option)
)
\c@part=\count179
\c@section=\count180
\c@subsection=\count181
\c@subsubsection=\count182
\c@paragraph=\count183
\c@subparagraph=\count184
\c@figure=\count185
\c@table=\count186
\abovecaptionskip=\skip47
\belowcaptionskip=\skip48
\bibindent=\dimen138
)
(/usr/local/texlive/2021/texmf-dist/tex/latex/graphics/graphicx.sty
Package: graphicx 2020/09/09 v1.2b Enhanced LaTeX Graphics (DPC,SPQR)

(/usr/local/texlive/2021/texmf-dist/tex/latex/graphics/keyval.sty
Package: keyval 2014/10/28 v1.15 key=value parser (DPC)
\KV@toks@=\toks15
)
(/usr/local/texlive/2021/texmf-dist/tex/latex/graphics/graphics.sty
Package: graphics 2020/08/30 v1.4c Standard LaTeX Graphics (DPC,SPQR)

(/usr/local/texlive/2021/texmf-dist/tex/latex/graphics/trig.sty
Package: trig 2016/01/03 v1.10 sin cos tan (DPC)
)
(/usr/local/texlive/2021/texmf-dist/tex/latex/graphics-cfg/graphics.cfg
File: graphics.cfg 2016/06/04 v1.11 sample graphics configuration
)
Package graphics Info: Driver file: pdftex.def on input line 105.

(/usr/local/texlive/2021/texmf-dist/tex/latex/graphics-def/pdftex.def
File: pdftex.def 2020/10/05 v1.2a Graphics/color driver for pdftex
))
\Gin@req@height=\dimen139
\Gin@req@width=\dimen140
)
(/usr/local/texlive/2021/texmf-dist/tex/latex/float/float.sty
Package: float 2001/11/08 v1.3d Float enhancements (AL)
\c@float@type=\count187
\float@exts=\toks16
\float@box=\box47
\@float@everytoks=\toks17
\@floatcapt=\box48
)
(/usr/local/texlive/2021/texmf-dist/tex/latex/geometry/geometry.sty
Package: geometry 2020/01/02 v5.9 Page Geometry

(/usr/local/texlive/2021/texmf-dist/tex/generic/iftex/ifvtex.sty
Package: ifvtex 2019/10/25 v1.7 ifvtex legacy package. Use iftex instead.

(/usr/local/texlive/2021/texmf-dist/tex/generic/iftex/iftex.sty
Package: iftex 2020/03/06 v1.0d TeX engine tests
))
\Gm@cnth=\count188
\Gm@cntv=\count189
\c@Gm@tempcnt=\count190
\Gm@bindingoffset=\dimen141
\Gm@wd@mp=\dimen142
\Gm@odd@mp=\dimen143
\Gm@even@mp=\dimen144
\Gm@layoutwidth=\dimen145
\Gm@layoutheight=\dimen146
\Gm@layouthoffset=\dimen147
\Gm@layoutvoffset=\dimen148
\Gm@dimlist=\toks18
)
(/usr/local/texlive/2021/texmf-dist/tex/latex/xcolor/xcolor.sty
Package: xcolor 2016/05/11 v2.12 LaTeX color extensions (UK)

(/usr/local/texlive/2021/texmf-dist/tex/latex/graphics-cfg/color.cfg
File: color.cfg 2016/01/02 v1.6 sample color configuration
)
Package xcolor Info: Driver file: pdftex.def on input line 225.
Package xcolor Info: Model `cmy' substituted by `cmy0' on input line 1348.
Package xcolor Info: Model `hsb' substituted by `rgb' on input line 1352.
Package xcolor Info: Model `RGB' extended on input line 1364.
Package xcolor Info: Model `HTML' substituted by `rgb' on input line 1366.
Package xcolor Info: Model `Hsb' substituted by `hsb' on input line 1367.
Package xcolor Info: Model `tHsb' substituted by `hsb' on input line 1368.
Package xcolor Info: Model `HSB' substituted by `hsb' on input line 1369.
Package xcolor Info: Model `Gray' substituted by `gray' on input line 1370.
Package xcolor Info: Model `wave' substituted by `hsb' on input line 1371.
)
(/usr/local/texlive/2021/texmf-dist/tex/latex/l3backend/l3backend-pdftex.def
File: l3backend-pdftex.def 2021-03-18 L3 backend support: PDF output (pdfTeX)
\l__color_backend_stack_int=\count191
\l__pdf_internal_box=\box49
)
(./Project1.aux)
\openout1 = `Project1.aux'.

LaTeX Font Info:    Checking defaults for OML/cmm/m/it on input line 20.
LaTeX Font Info:    ... okay on input line 20.
LaTeX Font Info:    Checking defaults for OMS/cmsy/m/n on input line 20.
LaTeX Font Info:    ... okay on input line 20.
LaTeX Font Info:    Checking defaults for OT1/cmr/m/n on input line 20.
LaTeX Font Info:    ... okay on input line 20.
LaTeX Font Info:    Checking defaults for T1/cmr/m/n on input line 20.
LaTeX Font Info:    ... okay on input line 20.
LaTeX Font Info:    Checking defaults for TS1/cmr/m/n on input line 20.
LaTeX Font Info:    ... okay on input line 20.
LaTeX Font Info:    Checking defaults for OMX/cmex/m/n on input line 20.
LaTeX Font Info:    ... okay on input line 20.
LaTeX Font Info:    Checking defaults for U/cmr/m/n on input line 20.
LaTeX Font Info:    ... okay on input line 20.

(/usr/local/texlive/2021/texmf-dist/tex/context/base/mkii/supp-pdf.mkii
[Loading MPS to PDF converter (version 2006.09.02).]
\scratchcounter=\count192
\scratchdimen=\dimen149
\scratchbox=\box50
\nofMPsegments=\count193
\nofMParguments=\count194
\everyMPshowfont=\toks19
\MPscratchCnt=\count195
\MPscratchDim=\dimen150
\MPnumerator=\count196
\makeMPintoPDFobject=\count197
\everyMPtoPDFconversion=\toks20
) (/usr/local/texlive/2021/texmf-dist/tex/latex/epstopdf-pkg/epstopdf-base.sty
Package: epstopdf-base 2020-01-24 v2.11 Base part for package epstopdf
Package epstopdf-base Info: Redefining graphics rule for `.eps' on input line 4
85.

(/usr/local/texlive/2021/texmf-dist/tex/latex/latexconfig/epstopdf-sys.cfg
File: epstopdf-sys.cfg 2010/07/13 v1.3 Configuration of (r)epstopdf for TeX Liv
e
))
*geometry* driver: auto-detecting
*geometry* detected driver: pdftex
*geometry* verbose mode - [ preamble ] result:
* driver: pdftex
* paper: a4paper
* layout: <same size as paper>
* layoutoffset:(h,v)=(0.0pt,0.0pt)
* modes: 
* h-part:(L,W,R)=(56.9055pt, 483.69684pt, 56.90553pt)
* v-part:(T,H,B)=(56.9055pt, 731.23582pt, 56.90552pt)
* \paperwidth=597.50787pt
* \paperheight=845.04684pt
* \textwidth=483.69684pt
* \textheight=731.23582pt
* \oddsidemargin=-15.36449pt
* \evensidemargin=-15.36449pt
* \topmargin=-52.36449pt
* \headheight=12.0pt
* \headsep=25.0pt
* \topskip=10.0pt
* \footskip=30.0pt
* \marginparwidth=65.0pt
* \marginparsep=11.0pt
* \columnsep=10.0pt
* \skip\footins=9.0pt plus 4.0pt minus 2.0pt
* \hoffset=0.0pt
* \voffset=0.0pt
* \mag=1000
* \@twocolumnfalse
* \@twosidefalse
* \@mparswitchfalse
* \@reversemarginfalse
* (1in=72.27pt=25.4mm, 1cm=28.453pt)

LaTeX Font Info:    External font `cmex10' loaded for size
(Font)              <12> on input line 22.
LaTeX Font Info:    External font `cmex10' loaded for size
(Font)              <8> on input line 22.
LaTeX Font Info:    External font `cmex10' loaded for size
(Font)              <6> on input line 22.
<Screenshot 2024-01-20 at 9.00.27 AM.png, id=1, 1806.75pt x 1173.38374pt>
File: Screenshot 2024-01-20 at 9.00.27 AM.png Graphic file (type png)
<use Screenshot 2024-01-20 at 9.00.27 AM.png>
Package pdftex.def Info: Screenshot 2024-01-20 at 9.00.27 AM.png  used on inp
ut line 31.
(pdftex.def)             Requested size: 483.69684pt x 314.13219pt.
[1

{/usr/local/texlive/2021/texmf-var/fonts/map/pdftex/updmap/pdftex.map} <./Scree
nshot 2024-01-20 at 9.00.27 AM.png>]
<Screenshot 2024-01-18 at 11.19.28 AM.png, id=13, 1806.75pt x 1173.38374pt>
File: Screenshot 2024-01-18 at 11.19.28 AM.png Graphic file (type png)
<use Screenshot 2024-01-18 at 11.19.28 AM.png>
Package pdftex.def Info: Screenshot 2024-01-18 at 11.19.28 AM.png  used on in
put line 40.
(pdftex.def)             Requested size: 483.69684pt x 314.13219pt.
<Screenshot 2024-01-18 at 5.18.43 PM.png, id=14, 384.43625pt x 359.3425pt>
File: Screenshot 2024-01-18 at 5.18.43 PM.png Graphic file (type png)
<use Screenshot 2024-01-18 at 5.18.43 PM.png>
Package pdftex.def Info: Screenshot 2024-01-18 at 5.18.43 PM.png  used on inp
ut line 47.
(pdftex.def)             Requested size: 284.52756pt x 265.97508pt.
<Screenshot 2024-01-20 at 10.34.22 AM.png, id=15, 1023.825pt x 1124.2pt>
File: Screenshot 2024-01-20 at 10.34.22 AM.png Graphic file (type png)
<use Screenshot 2024-01-20 at 10.34.22 AM.png>
Package pdftex.def Info: Screenshot 2024-01-20 at 10.34.22 AM.png  used on in
put line 54.
(pdftex.def)             Requested size: 483.69684pt x 531.1187pt.
 [2 <./Screenshot 2024-01-18 at 11.19.28 AM.png> <./Screenshot 2024-01-18 at 
5.18.43 PM.png>]
<Screenshot 2024-01-20 at 10.37.11 AM.png, id=21, 639.38875pt x 712.6625pt>
File: Screenshot 2024-01-20 at 10.37.11 AM.png Graphic file (type png)
<use Screenshot 2024-01-20 at 10.37.11 AM.png>
Package pdftex.def Info: Screenshot 2024-01-20 at 10.37.11 AM.png  used on in
put line 63.
(pdftex.def)             Requested size: 483.69684pt x 539.12804pt.
 [3 <./Screenshot 2024-01-20 at 10.34.22 AM.png>]
<Screenshot 2024-01-20 at 10.40.02 AM.png, id=27, 345.29pt x 259.97125pt>
File: Screenshot 2024-01-20 at 10.40.02 AM.png Graphic file (type png)
<use Screenshot 2024-01-20 at 10.40.02 AM.png>
Package pdftex.def Info: Screenshot 2024-01-20 at 10.40.02 AM.png  used on in
put line 72.
(pdftex.def)             Requested size: 483.69684pt x 364.18336pt.
 [4 <./Screenshot 2024-01-20 at 10.37.11 AM.png>]
<Screenshot 2024-01-20 at 10.40.20 AM.png, id=32, 902.37125pt x 706.64pt>
File: Screenshot 2024-01-20 at 10.40.20 AM.png Graphic file (type png)
<use Screenshot 2024-01-20 at 10.40.20 AM.png>
Package pdftex.def Info: Screenshot 2024-01-20 at 10.40.20 AM.png  used on in
put line 78.
(pdftex.def)             Requested size: 284.52756pt x 222.80843pt.
<Screenshot 2024-01-20 at 10.40.41 AM.png, id=33, 902.37125pt x 711.65875pt>
File: Screenshot 2024-01-20 at 10.40.41 AM.png Graphic file (type png)
<use Screenshot 2024-01-20 at 10.40.41 AM.png>
Package pdftex.def Info: Screenshot 2024-01-20 at 10.40.41 AM.png  used on in
put line 84.
(pdftex.def)             Requested size: 483.69684pt x 381.47751pt.
 [5 <./Screenshot 2024-01-20 at 10.40.02 AM.png> <./Screenshot 2024-01-20 at 
10.40.20 AM.png>]
<Screenshot 2024-01-20 at 10.50.06 AM.png, id=39, 902.37125pt x 598.235pt>
File: Screenshot 2024-01-20 at 10.50.06 AM.png Graphic file (type png)
<use Screenshot 2024-01-20 at 10.50.06 AM.png>
Package pdftex.def Info: Screenshot 2024-01-20 at 10.50.06 AM.png  used on in
put line 90.
(pdftex.def)             Requested size: 341.43306pt x 226.35492pt.
 [6 <./Screenshot 2024-01-20 at 10.40.41 AM.png> <./Screenshot 2024-01-20 at 
10.50.06 AM.png>]
<Screenshot 2024-01-18 at 11.18.22 AM.png, id=45, 1806.75pt x 1173.38374pt>
File: Screenshot 2024-01-18 at 11.18.22 AM.png Graphic file (type png)
<use Screenshot 2024-01-18 at 11.18.22 AM.png>
Package pdftex.def Info: Screenshot 2024-01-18 at 11.18.22 AM.png  used on in
put line 99.
(pdftex.def)             Requested size: 483.69684pt x 314.13219pt.
<Screenshot 2024-01-18 at 5.18.32 PM.png, id=46, 539.01375pt x 282.05376pt>
File: Screenshot 2024-01-18 at 5.18.32 PM.png Graphic file (type png)
<use Screenshot 2024-01-18 at 5.18.32 PM.png>
Package pdftex.def Info: Screenshot 2024-01-18 at 5.18.32 PM.png  used on inp
ut line 106.
(pdftex.def)             Requested size: 483.69684pt x 253.11008pt.
<Screenshot 2024-01-20 at 10.49.46 AM.png, id=47, 815.045pt x 628.3475pt>
File: Screenshot 2024-01-20 at 10.49.46 AM.png Graphic file (type png)
<use Screenshot 2024-01-20 at 10.49.46 AM.png>
Package pdftex.def Info: Screenshot 2024-01-20 at 10.49.46 AM.png  used on in
put line 113.
(pdftex.def)             Requested size: 483.69684pt x 372.89824pt.
 [7 <./Screenshot 2024-01-18 at 11.18.22 AM.png> <./Screenshot 2024-01-18 at 
5.18.32 PM.png>]
<Screenshot 2024-01-20 at 10.51.25 AM.png, id=54, 634.37pt x 714.67pt>
File: Screenshot 2024-01-20 at 10.51.25 AM.png Graphic file (type png)
<use Screenshot 2024-01-20 at 10.51.25 AM.png>
Package pdftex.def Info: Screenshot 2024-01-20 at 10.51.25 AM.png  used on in
put line 120.
(pdftex.def)             Requested size: 483.69684pt x 544.94325pt.
 [8 <./Screenshot 2024-01-20 at 10.49.46 AM.png>]
<Screenshot 2024-01-20 at 11.23.10 AM.png, id=59, 471.7625pt x 568.1225pt>
File: Screenshot 2024-01-20 at 11.23.10 AM.png Graphic file (type png)
<use Screenshot 2024-01-20 at 11.23.10 AM.png>
Package pdftex.def Info: Screenshot 2024-01-20 at 11.23.10 AM.png  used on in
put line 127.
(pdftex.def)             Requested size: 483.69684pt x 582.50269pt.
 [9 <./Screenshot 2024-01-20 at 10.51.25 AM.png>]
<Screenshot 2024-01-20 at 11.24.17 AM.png, id=64, 729.72626pt x 336.25626pt>
File: Screenshot 2024-01-20 at 11.24.17 AM.png Graphic file (type png)
<use Screenshot 2024-01-20 at 11.24.17 AM.png>
Package pdftex.def Info: Screenshot 2024-01-20 at 11.24.17 AM.png  used on in
put line 133.
(pdftex.def)             Requested size: 483.69684pt x 222.88414pt.
 [10 <./Screenshot 2024-01-20 at 11.23.10 AM.png>]
<Screenshot 2024-01-20 at 11.25.29 AM.png, id=69, 900.36375pt x 707.64375pt>
File: Screenshot 2024-01-20 at 11.25.29 AM.png Graphic file (type png)
<use Screenshot 2024-01-20 at 11.25.29 AM.png>
Package pdftex.def Info: Screenshot 2024-01-20 at 11.25.29 AM.png  used on in
put line 139.
(pdftex.def)             Requested size: 341.43306pt x 268.34593pt.
 [11 <./Screenshot 2024-01-20 at 11.24.17 AM.png> <./Screenshot 2024-01-20 at
 11.25.29 AM.png>]
(./Project1.aux) ) 
Here is how much of TeX's memory you used:
 2339 strings out of 478994
 36087 string characters out of 5858184
 331911 words of memory out of 5000000
 19823 multiletter control sequences out of 15000+600000
 407723 words of font info for 41 fonts, out of 8000000 for 9000
 1141 hyphenation exceptions out of 8191
 68i,7n,74p,326b,229s stack positions out of 5000i,500n,10000p,200000b,80000s
</usr/local/texlive/2021/texmf-dist/fonts/type1/public/amsfon
ts/cm/cmbx12.pfb></usr/local/texlive/2021/texmf-dist/fonts/type1/public/amsfont
s/cm/cmr10.pfb></usr/local/texlive/2021/texmf-dist/fonts/type1/public/amsfonts/
cm/cmr12.pfb></usr/local/texlive/2021/texmf-dist/fonts/type1/public/amsfonts/cm
/cmr17.pfb></usr/local/texlive/2021/texmf-dist/fonts/type1/public/amsfonts/cm/c
mti10.pfb>
Output written on Project1.pdf (11 pages, 8435044 bytes).
PDF statistics:
 93 PDF objects out of 1000 (max. 8388607)
 42 compressed objects within 1 object stream
 0 named destinations out of 1000 (max. 500000)
 81 words of extra memory for PDF output out of 10000 (max. 10000000)

