This is pdfTeX, Version 3.141592653-2.6-1.40.22 (TeX Live 2021) (preloaded format=pdflatex 2022.3.27)  6 MAR 2024 09:52
entering extended mode
 \write18 enabled.
 file:line:error style messages enabled.
 %&-line parsing enabled.
**REINES_ABRAHAM_Project_4.tex
(./REINES_ABRAHAM_Project_4.tex
LaTeX2e <2020-10-01> patch level 4
L3 programming layer <2021-02-18>
(/usr/local/texlive/2021/texmf-dist/tex/latex/base/article.cls
Document Class: article 2020/04/10 v1.4m Standard LaTeX document class
(/usr/local/texlive/2021/texmf-dist/tex/latex/base/size10.clo
File: size10.clo 2020/04/10 v1.4m Standard LaTeX file (size option)
)
\c@part=\count179
\c@section=\count180
\c@subsection=\count181
\c@subsubsection=\count182
\c@paragraph=\count183
\c@subparagraph=\count184
\c@figure=\count185
\c@table=\count186
\abovecaptionskip=\skip47
\belowcaptionskip=\skip48
\bibindent=\dimen138
)
(/usr/local/texlive/2021/texmf-dist/tex/latex/graphics/graphicx.sty
Package: graphicx 2020/09/09 v1.2b Enhanced LaTeX Graphics (DPC,SPQR)

(/usr/local/texlive/2021/texmf-dist/tex/latex/graphics/keyval.sty
Package: keyval 2014/10/28 v1.15 key=value parser (DPC)
\KV@toks@=\toks15
)
(/usr/local/texlive/2021/texmf-dist/tex/latex/graphics/graphics.sty
Package: graphics 2020/08/30 v1.4c Standard LaTeX Graphics (DPC,SPQR)

(/usr/local/texlive/2021/texmf-dist/tex/latex/graphics/trig.sty
Package: trig 2016/01/03 v1.10 sin cos tan (DPC)
)
(/usr/local/texlive/2021/texmf-dist/tex/latex/graphics-cfg/graphics.cfg
File: graphics.cfg 2016/06/04 v1.11 sample graphics configuration
)
Package graphics Info: Driver file: pdftex.def on input line 105.

(/usr/local/texlive/2021/texmf-dist/tex/latex/graphics-def/pdftex.def
File: pdftex.def 2020/10/05 v1.2a Graphics/color driver for pdftex
))
\Gin@req@height=\dimen139
\Gin@req@width=\dimen140
)
(/usr/local/texlive/2021/texmf-dist/tex/latex/float/float.sty
Package: float 2001/11/08 v1.3d Float enhancements (AL)
\c@float@type=\count187
\float@exts=\toks16
\float@box=\box47
\@float@everytoks=\toks17
\@floatcapt=\box48
)
(/usr/local/texlive/2021/texmf-dist/tex/latex/geometry/geometry.sty
Package: geometry 2020/01/02 v5.9 Page Geometry

(/usr/local/texlive/2021/texmf-dist/tex/generic/iftex/ifvtex.sty
Package: ifvtex 2019/10/25 v1.7 ifvtex legacy package. Use iftex instead.

(/usr/local/texlive/2021/texmf-dist/tex/generic/iftex/iftex.sty
Package: iftex 2020/03/06 v1.0d TeX engine tests
))
\Gm@cnth=\count188
\Gm@cntv=\count189
\c@Gm@tempcnt=\count190
\Gm@bindingoffset=\dimen141
\Gm@wd@mp=\dimen142
\Gm@odd@mp=\dimen143
\Gm@even@mp=\dimen144
\Gm@layoutwidth=\dimen145
\Gm@layoutheight=\dimen146
\Gm@layouthoffset=\dimen147
\Gm@layoutvoffset=\dimen148
\Gm@dimlist=\toks18
)
(/usr/local/texlive/2021/texmf-dist/tex/latex/xcolor/xcolor.sty
Package: xcolor 2016/05/11 v2.12 LaTeX color extensions (UK)

(/usr/local/texlive/2021/texmf-dist/tex/latex/graphics-cfg/color.cfg
File: color.cfg 2016/01/02 v1.6 sample color configuration
)
Package xcolor Info: Driver file: pdftex.def on input line 225.
Package xcolor Info: Model `cmy' substituted by `cmy0' on input line 1348.
Package xcolor Info: Model `hsb' substituted by `rgb' on input line 1352.
Package xcolor Info: Model `RGB' extended on input line 1364.
Package xcolor Info: Model `HTML' substituted by `rgb' on input line 1366.
Package xcolor Info: Model `Hsb' substituted by `hsb' on input line 1367.
Package xcolor Info: Model `tHsb' substituted by `hsb' on input line 1368.
Package xcolor Info: Model `HSB' substituted by `hsb' on input line 1369.
Package xcolor Info: Model `Gray' substituted by `gray' on input line 1370.
Package xcolor Info: Model `wave' substituted by `hsb' on input line 1371.
)
(/usr/local/texlive/2021/texmf-dist/tex/latex/booktabs/booktabs.sty
Package: booktabs 2020/01/12 v1.61803398 Publication quality tables
\heavyrulewidth=\dimen149
\lightrulewidth=\dimen150
\cmidrulewidth=\dimen151
\belowrulesep=\dimen152
\belowbottomsep=\dimen153
\aboverulesep=\dimen154
\abovetopsep=\dimen155
\cmidrulesep=\dimen156
\cmidrulekern=\dimen157
\defaultaddspace=\dimen158
\@cmidla=\count191
\@cmidlb=\count192
\@aboverulesep=\dimen159
\@belowrulesep=\dimen160
\@thisruleclass=\count193
\@lastruleclass=\count194
\@thisrulewidth=\dimen161
)
(/usr/local/texlive/2021/texmf-dist/tex/latex/tools/longtable.sty
Package: longtable 2020/01/07 v4.13 Multi-page Table package (DPC)
\LTleft=\skip49
\LTright=\skip50
\LTpre=\skip51
\LTpost=\skip52
\LTchunksize=\count195
\LTcapwidth=\dimen162
\LT@head=\box49
\LT@firsthead=\box50
\LT@foot=\box51
\LT@lastfoot=\box52
\LT@cols=\count196
\LT@rows=\count197
\c@LT@tables=\count198
\c@LT@chunks=\count199
\LT@p@ftn=\toks19
)
(/usr/local/texlive/2021/texmf-dist/tex/latex/base/inputenc.sty
Package: inputenc 2020/08/01 v1.3d Input encoding file
\inpenc@prehook=\toks20
\inpenc@posthook=\toks21
)
(/usr/local/texlive/2021/texmf-dist/tex/latex/base/fontenc.sty
Package: fontenc 2020/08/10 v2.0s Standard LaTeX package
)
(/usr/local/texlive/2021/texmf-dist/tex/latex/lm/lmodern.sty
Package: lmodern 2015/05/01 v1.6.1 Latin Modern Fonts
LaTeX Font Info:    Overwriting symbol font `operators' in version `normal'
(Font)                  OT1/cmr/m/n --> OT1/lmr/m/n on input line 22.
LaTeX Font Info:    Overwriting symbol font `letters' in version `normal'
(Font)                  OML/cmm/m/it --> OML/lmm/m/it on input line 23.
LaTeX Font Info:    Overwriting symbol font `symbols' in version `normal'
(Font)                  OMS/cmsy/m/n --> OMS/lmsy/m/n on input line 24.
LaTeX Font Info:    Overwriting symbol font `largesymbols' in version `normal'
(Font)                  OMX/cmex/m/n --> OMX/lmex/m/n on input line 25.
LaTeX Font Info:    Overwriting symbol font `operators' in version `bold'
(Font)                  OT1/cmr/bx/n --> OT1/lmr/bx/n on input line 26.
LaTeX Font Info:    Overwriting symbol font `letters' in version `bold'
(Font)                  OML/cmm/b/it --> OML/lmm/b/it on input line 27.
LaTeX Font Info:    Overwriting symbol font `symbols' in version `bold'
(Font)                  OMS/cmsy/b/n --> OMS/lmsy/b/n on input line 28.
LaTeX Font Info:    Overwriting symbol font `largesymbols' in version `bold'
(Font)                  OMX/cmex/m/n --> OMX/lmex/m/n on input line 29.
LaTeX Font Info:    Overwriting math alphabet `\mathbf' in version `normal'
(Font)                  OT1/cmr/bx/n --> OT1/lmr/bx/n on input line 31.
LaTeX Font Info:    Overwriting math alphabet `\mathsf' in version `normal'
(Font)                  OT1/cmss/m/n --> OT1/lmss/m/n on input line 32.
LaTeX Font Info:    Overwriting math alphabet `\mathit' in version `normal'
(Font)                  OT1/cmr/m/it --> OT1/lmr/m/it on input line 33.
LaTeX Font Info:    Overwriting math alphabet `\mathtt' in version `normal'
(Font)                  OT1/cmtt/m/n --> OT1/lmtt/m/n on input line 34.
LaTeX Font Info:    Overwriting math alphabet `\mathbf' in version `bold'
(Font)                  OT1/cmr/bx/n --> OT1/lmr/bx/n on input line 35.
LaTeX Font Info:    Overwriting math alphabet `\mathsf' in version `bold'
(Font)                  OT1/cmss/bx/n --> OT1/lmss/bx/n on input line 36.
LaTeX Font Info:    Overwriting math alphabet `\mathit' in version `bold'
(Font)                  OT1/cmr/bx/it --> OT1/lmr/bx/it on input line 37.
LaTeX Font Info:    Overwriting math alphabet `\mathtt' in version `bold'
(Font)                  OT1/cmtt/m/n --> OT1/lmtt/m/n on input line 38.
)
(/usr/local/texlive/2021/texmf-dist/tex/latex/base/textcomp.sty
Package: textcomp 2020/02/02 v2.0n Standard LaTeX package
)
(/usr/local/texlive/2021/texmf-dist/tex/latex/amsmath/amsmath.sty
Package: amsmath 2020/09/23 v2.17i AMS math features
\@mathmargin=\skip53

For additional information on amsmath, use the `?' option.
(/usr/local/texlive/2021/texmf-dist/tex/latex/amsmath/amstext.sty
Package: amstext 2000/06/29 v2.01 AMS text

(/usr/local/texlive/2021/texmf-dist/tex/latex/amsmath/amsgen.sty
File: amsgen.sty 1999/11/30 v2.0 generic functions
\@emptytoks=\toks22
\ex@=\dimen163
))
(/usr/local/texlive/2021/texmf-dist/tex/latex/amsmath/amsbsy.sty
Package: amsbsy 1999/11/29 v1.2d Bold Symbols
\pmbraise@=\dimen164
)
(/usr/local/texlive/2021/texmf-dist/tex/latex/amsmath/amsopn.sty
Package: amsopn 2016/03/08 v2.02 operator names
)
\inf@bad=\count266
LaTeX Info: Redefining \frac on input line 234.
\uproot@=\count267
\leftroot@=\count268
LaTeX Info: Redefining \overline on input line 399.
\classnum@=\count269
\DOTSCASE@=\count270
LaTeX Info: Redefining \ldots on input line 496.
LaTeX Info: Redefining \dots on input line 499.
LaTeX Info: Redefining \cdots on input line 620.
\Mathstrutbox@=\box53
\strutbox@=\box54
\big@size=\dimen165
LaTeX Font Info:    Redeclaring font encoding OML on input line 743.
LaTeX Font Info:    Redeclaring font encoding OMS on input line 744.
\macc@depth=\count271
\c@MaxMatrixCols=\count272
\dotsspace@=\muskip16
\c@parentequation=\count273
\dspbrk@lvl=\count274
\tag@help=\toks23
\row@=\count275
\column@=\count276
\maxfields@=\count277
\andhelp@=\toks24
\eqnshift@=\dimen166
\alignsep@=\dimen167
\tagshift@=\dimen168
\tagwidth@=\dimen169
\totwidth@=\dimen170
\lineht@=\dimen171
\@envbody=\toks25
\multlinegap=\skip54
\multlinetaggap=\skip55
\mathdisplay@stack=\toks26
LaTeX Info: Redefining \[ on input line 2923.
LaTeX Info: Redefining \] on input line 2924.
)
(/usr/local/texlive/2021/texmf-dist/tex/latex/amsfonts/amssymb.sty
Package: amssymb 2013/01/14 v3.01 AMS font symbols

(/usr/local/texlive/2021/texmf-dist/tex/latex/amsfonts/amsfonts.sty
Package: amsfonts 2013/01/14 v3.01 Basic AMSFonts support
\symAMSa=\mathgroup4
\symAMSb=\mathgroup5
LaTeX Font Info:    Redeclaring math symbol \hbar on input line 98.
LaTeX Font Info:    Overwriting math alphabet `\mathfrak' in version `bold'
(Font)                  U/euf/m/n --> U/euf/b/n on input line 106.
))
(/usr/local/texlive/2021/texmf-dist/tex/latex/amscls/amsthm.sty
Package: amsthm 2020/05/29 v2.20.6
\thm@style=\toks27
\thm@bodyfont=\toks28
\thm@headfont=\toks29
\thm@notefont=\toks30
\thm@headpunct=\toks31
\thm@preskip=\skip56
\thm@postskip=\skip57
\thm@headsep=\skip58
\dth@everypar=\toks32
)
(/usr/local/texlive/2021/texmf-dist/tex/latex/setspace/setspace.sty
Package: setspace 2011/12/19 v6.7a set line spacing
)
(/usr/local/texlive/2021/texmf-dist/tex/latex/enumitem/enumitem.sty
Package: enumitem 2019/06/20 v3.9 Customized lists
\labelindent=\skip59
\enit@outerparindent=\dimen172
\enit@toks=\toks33
\enit@inbox=\box55
\enit@count@id=\count278
\enitdp@description=\count279
)
(/usr/local/texlive/2021/texmf-dist/tex/latex/listings/listings.sty
\lst@mode=\count280
\lst@gtempboxa=\box56
\lst@token=\toks34
\lst@length=\count281
\lst@currlwidth=\dimen173
\lst@column=\count282
\lst@pos=\count283
\lst@lostspace=\dimen174
\lst@width=\dimen175
\lst@newlines=\count284
\lst@lineno=\count285
\lst@maxwidth=\dimen176

(/usr/local/texlive/2021/texmf-dist/tex/latex/listings/lstmisc.sty
File: lstmisc.sty 2020/03/24 1.8d (Carsten Heinz)
\c@lstnumber=\count286
\lst@skipnumbers=\count287
\lst@framebox=\box57
)
(/usr/local/texlive/2021/texmf-dist/tex/latex/listings/listings.cfg
File: listings.cfg 2020/03/24 1.8d listings configuration
))
Package: listings 2020/03/24 1.8d (Carsten Heinz)

(/usr/local/texlive/2021/texmf-dist/tex/latex/hyperref/hyperref.sty
Package: hyperref 2021-02-27 v7.00k Hypertext links for LaTeX

(/usr/local/texlive/2021/texmf-dist/tex/generic/ltxcmds/ltxcmds.sty
Package: ltxcmds 2020-05-10 v1.25 LaTeX kernel commands for general use (HO)
)
(/usr/local/texlive/2021/texmf-dist/tex/generic/pdftexcmds/pdftexcmds.sty
Package: pdftexcmds 2020-06-27 v0.33 Utility functions of pdfTeX for LuaTeX (HO
)

(/usr/local/texlive/2021/texmf-dist/tex/generic/infwarerr/infwarerr.sty
Package: infwarerr 2019/12/03 v1.5 Providing info/warning/error messages (HO)
)
Package pdftexcmds Info: \pdf@primitive is available.
Package pdftexcmds Info: \pdf@ifprimitive is available.
Package pdftexcmds Info: \pdfdraftmode found.
)
(/usr/local/texlive/2021/texmf-dist/tex/generic/kvsetkeys/kvsetkeys.sty
Package: kvsetkeys 2019/12/15 v1.18 Key value parser (HO)
)
(/usr/local/texlive/2021/texmf-dist/tex/generic/kvdefinekeys/kvdefinekeys.sty
Package: kvdefinekeys 2019-12-19 v1.6 Define keys (HO)
)
(/usr/local/texlive/2021/texmf-dist/tex/generic/pdfescape/pdfescape.sty
Package: pdfescape 2019/12/09 v1.15 Implements pdfTeX's escape features (HO)
)
(/usr/local/texlive/2021/texmf-dist/tex/latex/hycolor/hycolor.sty
Package: hycolor 2020-01-27 v1.10 Color options for hyperref/bookmark (HO)
)
(/usr/local/texlive/2021/texmf-dist/tex/latex/letltxmacro/letltxmacro.sty
Package: letltxmacro 2019/12/03 v1.6 Let assignment for LaTeX macros (HO)
)
(/usr/local/texlive/2021/texmf-dist/tex/latex/auxhook/auxhook.sty
Package: auxhook 2019-12-17 v1.6 Hooks for auxiliary files (HO)
)
(/usr/local/texlive/2021/texmf-dist/tex/latex/kvoptions/kvoptions.sty
Package: kvoptions 2020-10-07 v3.14 Key value format for package options (HO)
)
\@linkdim=\dimen177
\Hy@linkcounter=\count288
\Hy@pagecounter=\count289

(/usr/local/texlive/2021/texmf-dist/tex/latex/hyperref/pd1enc.def
File: pd1enc.def 2021-02-27 v7.00k Hyperref: PDFDocEncoding definition (HO)
Now handling font encoding PD1 ...
... no UTF-8 mapping file for font encoding PD1
)
(/usr/local/texlive/2021/texmf-dist/tex/latex/hyperref/hyperref-langpatches.def
File: hyperref-langpatches.def 2021-02-27 v7.00k Hyperref: patches for babel la
nguages
) (/usr/local/texlive/2021/texmf-dist/tex/generic/intcalc/intcalc.sty
Package: intcalc 2019/12/15 v1.3 Expandable calculations with integers (HO)
)
(/usr/local/texlive/2021/texmf-dist/tex/generic/etexcmds/etexcmds.sty
Package: etexcmds 2019/12/15 v1.7 Avoid name clashes with e-TeX commands (HO)
)
\Hy@SavedSpaceFactor=\count290

(/usr/local/texlive/2021/texmf-dist/tex/latex/hyperref/puenc.def
File: puenc.def 2021-02-27 v7.00k Hyperref: PDF Unicode definition (HO)
Now handling font encoding PU ...
... no UTF-8 mapping file for font encoding PU
)
Package hyperref Info: Hyper figures OFF on input line 4192.
Package hyperref Info: Link nesting OFF on input line 4197.
Package hyperref Info: Hyper index ON on input line 4200.
Package hyperref Info: Plain pages OFF on input line 4207.
Package hyperref Info: Backreferencing OFF on input line 4212.
Package hyperref Info: Implicit mode ON; LaTeX internals redefined.
Package hyperref Info: Bookmarks ON on input line 4445.
\c@Hy@tempcnt=\count291

(/usr/local/texlive/2021/texmf-dist/tex/latex/url/url.sty
\Urlmuskip=\muskip17
Package: url 2013/09/16  ver 3.4  Verb mode for urls, etc.
)
LaTeX Info: Redefining \url on input line 4804.
\XeTeXLinkMargin=\dimen178

(/usr/local/texlive/2021/texmf-dist/tex/generic/bitset/bitset.sty
Package: bitset 2019/12/09 v1.3 Handle bit-vector datatype (HO)

(/usr/local/texlive/2021/texmf-dist/tex/generic/bigintcalc/bigintcalc.sty
Package: bigintcalc 2019/12/15 v1.5 Expandable calculations on big integers (HO
)
))
\Fld@menulength=\count292
\Field@Width=\dimen179
\Fld@charsize=\dimen180
Package hyperref Info: Hyper figures OFF on input line 6075.
Package hyperref Info: Link nesting OFF on input line 6080.
Package hyperref Info: Hyper index ON on input line 6083.
Package hyperref Info: backreferencing OFF on input line 6090.
Package hyperref Info: Link coloring OFF on input line 6095.
Package hyperref Info: Link coloring with OCG OFF on input line 6100.
Package hyperref Info: PDF/A mode OFF on input line 6105.
LaTeX Info: Redefining \ref on input line 6145.
LaTeX Info: Redefining \pageref on input line 6149.

(/usr/local/texlive/2021/texmf-dist/tex/latex/base/atbegshi-ltx.sty
Package: atbegshi-ltx 2020/08/17 v1.0a Emulation of the original atbegshi packa
ge
with kernel methods
)
\Hy@abspage=\count293
\c@Item=\count294
\c@Hfootnote=\count295
)
Package hyperref Info: Driver (autodetected): hpdftex.

(/usr/local/texlive/2021/texmf-dist/tex/latex/hyperref/hpdftex.def
File: hpdftex.def 2021-02-27 v7.00k Hyperref driver for pdfTeX

(/usr/local/texlive/2021/texmf-dist/tex/latex/base/atveryend-ltx.sty
Package: atveryend-ltx 2020/08/19 v1.0a Emulation of the original atvery packag
e
with kernel methods
)
\Fld@listcount=\count296
\c@bookmark@seq@number=\count297

(/usr/local/texlive/2021/texmf-dist/tex/latex/rerunfilecheck/rerunfilecheck.sty
Package: rerunfilecheck 2019/12/05 v1.9 Rerun checks for auxiliary files (HO)

(/usr/local/texlive/2021/texmf-dist/tex/generic/uniquecounter/uniquecounter.sty
Package: uniquecounter 2019/12/15 v1.4 Provide unlimited unique counter (HO)
)
Package uniquecounter Info: New unique counter `rerunfilecheck' on input line 2
86.
)
\Hy@SectionHShift=\skip60
) (/usr/local/texlive/2021/texmf-dist/tex/latex/listings/lstlang1.sty
File: lstlang1.sty 2020/03/24 1.8d listings language file
)
(/usr/local/texlive/2021/texmf-dist/tex/latex/listings/lstlang1.sty
File: lstlang1.sty 2020/03/24 1.8d listings language file
)
LaTeX Font Info:    Trying to load font information for T1+lmr on input line 53
.

(/usr/local/texlive/2021/texmf-dist/tex/latex/lm/t1lmr.fd
File: t1lmr.fd 2015/05/01 v1.6.1 Font defs for Latin Modern
)
(/usr/local/texlive/2021/texmf-dist/tex/latex/l3backend/l3backend-pdftex.def
File: l3backend-pdftex.def 2021-03-18 L3 backend support: PDF output (pdfTeX)
\l__color_backend_stack_int=\count298
\l__pdf_internal_box=\box58
)
(./REINES_ABRAHAM_Project_4.aux)
\openout1 = `REINES_ABRAHAM_Project_4.aux'.

LaTeX Font Info:    Checking defaults for OML/cmm/m/it on input line 53.
LaTeX Font Info:    ... okay on input line 53.
LaTeX Font Info:    Checking defaults for OMS/cmsy/m/n on input line 53.
LaTeX Font Info:    ... okay on input line 53.
LaTeX Font Info:    Checking defaults for OT1/cmr/m/n on input line 53.
LaTeX Font Info:    ... okay on input line 53.
LaTeX Font Info:    Checking defaults for T1/cmr/m/n on input line 53.
LaTeX Font Info:    ... okay on input line 53.
LaTeX Font Info:    Checking defaults for TS1/cmr/m/n on input line 53.
LaTeX Font Info:    ... okay on input line 53.
LaTeX Font Info:    Checking defaults for OMX/cmex/m/n on input line 53.
LaTeX Font Info:    ... okay on input line 53.
LaTeX Font Info:    Checking defaults for U/cmr/m/n on input line 53.
LaTeX Font Info:    ... okay on input line 53.
LaTeX Font Info:    Checking defaults for PD1/pdf/m/n on input line 53.
LaTeX Font Info:    ... okay on input line 53.
LaTeX Font Info:    Checking defaults for PU/pdf/m/n on input line 53.
LaTeX Font Info:    ... okay on input line 53.

(/usr/local/texlive/2021/texmf-dist/tex/context/base/mkii/supp-pdf.mkii
[Loading MPS to PDF converter (version 2006.09.02).]
\scratchcounter=\count299
\scratchdimen=\dimen181
\scratchbox=\box59
\nofMPsegments=\count300
\nofMParguments=\count301
\everyMPshowfont=\toks35
\MPscratchCnt=\count302
\MPscratchDim=\dimen182
\MPnumerator=\count303
\makeMPintoPDFobject=\count304
\everyMPtoPDFconversion=\toks36
) (/usr/local/texlive/2021/texmf-dist/tex/latex/epstopdf-pkg/epstopdf-base.sty
Package: epstopdf-base 2020-01-24 v2.11 Base part for package epstopdf
Package epstopdf-base Info: Redefining graphics rule for `.eps' on input line 4
85.

(/usr/local/texlive/2021/texmf-dist/tex/latex/latexconfig/epstopdf-sys.cfg
File: epstopdf-sys.cfg 2010/07/13 v1.3 Configuration of (r)epstopdf for TeX Liv
e
))
*geometry* driver: auto-detecting
*geometry* detected driver: pdftex
*geometry* verbose mode - [ preamble ] result:
* driver: pdftex
* paper: a4paper
* layout: <same size as paper>
* layoutoffset:(h,v)=(0.0pt,0.0pt)
* modes: 
* h-part:(L,W,R)=(56.9055pt, 483.69684pt, 56.90553pt)
* v-part:(T,H,B)=(56.9055pt, 731.23582pt, 56.90552pt)
* \paperwidth=597.50787pt
* \paperheight=845.04684pt
* \textwidth=483.69684pt
* \textheight=731.23582pt
* \oddsidemargin=-15.36449pt
* \evensidemargin=-15.36449pt
* \topmargin=-52.36449pt
* \headheight=12.0pt
* \headsep=25.0pt
* \topskip=10.0pt
* \footskip=30.0pt
* \marginparwidth=65.0pt
* \marginparsep=11.0pt
* \columnsep=10.0pt
* \skip\footins=9.0pt plus 4.0pt minus 2.0pt
* \hoffset=0.0pt
* \voffset=0.0pt
* \mag=1000
* \@twocolumnfalse
* \@twosidefalse
* \@mparswitchfalse
* \@reversemarginfalse
* (1in=72.27pt=25.4mm, 1cm=28.453pt)

\c@lstlisting=\count305
Package hyperref Info: Link coloring OFF on input line 53.
(/usr/local/texlive/2021/texmf-dist/tex/latex/hyperref/nameref.sty
Package: nameref 2021-04-02 v2.47 Cross-referencing by name of section

(/usr/local/texlive/2021/texmf-dist/tex/latex/refcount/refcount.sty
Package: refcount 2019/12/15 v3.6 Data extraction from label references (HO)
)
(/usr/local/texlive/2021/texmf-dist/tex/generic/gettitlestring/gettitlestring.s
ty
Package: gettitlestring 2019/12/15 v1.6 Cleanup title references (HO)
)
\c@section@level=\count306
)
LaTeX Info: Redefining \ref on input line 53.
LaTeX Info: Redefining \pageref on input line 53.
LaTeX Info: Redefining \nameref on input line 53.
 (./REINES_ABRAHAM_Project_4.out) (./REINES_ABRAHAM_Project_4.out)
\@outlinefile=\write3
\openout3 = `REINES_ABRAHAM_Project_4.out'.

LaTeX Font Info:    Trying to load font information for OT1+lmr on input line 5
6.

(/usr/local/texlive/2021/texmf-dist/tex/latex/lm/ot1lmr.fd
File: ot1lmr.fd 2015/05/01 v1.6.1 Font defs for Latin Modern
)
LaTeX Font Info:    Trying to load font information for OML+lmm on input line 5
6.

(/usr/local/texlive/2021/texmf-dist/tex/latex/lm/omllmm.fd
File: omllmm.fd 2015/05/01 v1.6.1 Font defs for Latin Modern
)
LaTeX Font Info:    Trying to load font information for OMS+lmsy on input line 
56.

(/usr/local/texlive/2021/texmf-dist/tex/latex/lm/omslmsy.fd
File: omslmsy.fd 2015/05/01 v1.6.1 Font defs for Latin Modern
)
LaTeX Font Info:    Trying to load font information for OMX+lmex on input line 
56.

(/usr/local/texlive/2021/texmf-dist/tex/latex/lm/omxlmex.fd
File: omxlmex.fd 2015/05/01 v1.6.1 Font defs for Latin Modern
)
LaTeX Font Info:    External font `lmex10' loaded for size
(Font)              <12> on input line 56.
LaTeX Font Info:    External font `lmex10' loaded for size
(Font)              <8> on input line 56.
LaTeX Font Info:    External font `lmex10' loaded for size
(Font)              <6> on input line 56.
LaTeX Font Info:    Trying to load font information for U+msa on input line 56.


(/usr/local/texlive/2021/texmf-dist/tex/latex/amsfonts/umsa.fd
File: umsa.fd 2013/01/14 v3.01 AMS symbols A
)
LaTeX Font Info:    Trying to load font information for U+msb on input line 56.


(/usr/local/texlive/2021/texmf-dist/tex/latex/amsfonts/umsb.fd
File: umsb.fd 2013/01/14 v3.01 AMS symbols B
)
<Screenshot 2024-02-26 at 10.19.07 AM.png, id=4, 680.5425pt x 957.5775pt>
File: Screenshot 2024-02-26 at 10.19.07 AM.png Graphic file (type png)
<use Screenshot 2024-02-26 at 10.19.07 AM.png>
Package pdftex.def Info: Screenshot 2024-02-26 at 10.19.07 AM.png  used on in
put line 66.
(pdftex.def)             Requested size: 312.9803pt x 440.38872pt.
LaTeX Font Info:    Trying to load font information for T1+lmtt on input line 6
9.

(/usr/local/texlive/2021/texmf-dist/tex/latex/lm/t1lmtt.fd
File: t1lmtt.fd 2015/05/01 v1.6.1 Font defs for Latin Modern
)
(./Output_For_4.6.1.txt [1

{/usr/local/texlive/2021/texmf-var/fonts/map/pdftex/updmap/pdftex.map} <./Scree
nshot 2024-02-26 at 10.19.07 AM.png>]
LaTeX Font Info:    External font `lmex10' loaded for size
(Font)              <10> on input line 1.
LaTeX Font Info:    External font `lmex10' loaded for size
(Font)              <7> on input line 1.
LaTeX Font Info:    External font `lmex10' loaded for size
(Font)              <5> on input line 1.
LaTeX Font Info:    Font shape `T1/lmtt/bx/n' in size <10> not available
(Font)              Font shape `T1/lmtt/b/n' tried instead on input line 10.
)
<Screenshot 2024-03-03 at 9.12.22 AM.png, id=20, 218.8175pt x 220.825pt>
File: Screenshot 2024-03-03 at 9.12.22 AM.png Graphic file (type png)
<use Screenshot 2024-03-03 at 9.12.22 AM.png>
Package pdftex.def Info: Screenshot 2024-03-03 at 9.12.22 AM.png  used on inp
ut line 95.
(pdftex.def)             Requested size: 284.52756pt x 287.1432pt.
<Screenshot 2024-02-27 at 8.40.57 AM.png, id=21, 694.595pt x 733.74126pt>
File: Screenshot 2024-02-27 at 8.40.57 AM.png Graphic file (type png)
<use Screenshot 2024-02-27 at 8.40.57 AM.png>
Package pdftex.def Info: Screenshot 2024-02-27 at 8.40.57 AM.png  used on inp
ut line 101.
(pdftex.def)             Requested size: 483.69684pt x 510.97313pt.
 [2 <./Screenshot 2024-03-03 at 9.12.22 AM.png>]
<Screenshot 2024-02-27 at 8.40.47 AM.png, id=49, 641.39626pt x 192.72pt>
File: Screenshot 2024-02-27 at 8.40.47 AM.png Graphic file (type png)
<use Screenshot 2024-02-27 at 8.40.47 AM.png>
Package pdftex.def Info: Screenshot 2024-02-27 at 8.40.47 AM.png  used on inp
ut line 107.
(pdftex.def)             Requested size: 483.69684pt x 145.3395pt.
 [3 <./Screenshot 2024-02-27 at 8.40.57 AM.png>]
<Screenshot 2024-02-27 at 8.40.40 AM.png, id=56, 688.5725pt x 200.75pt>
File: Screenshot 2024-02-27 at 8.40.40 AM.png Graphic file (type png)
<use Screenshot 2024-02-27 at 8.40.40 AM.png>
Package pdftex.def Info: Screenshot 2024-02-27 at 8.40.40 AM.png  used on inp
ut line 113.
(pdftex.def)             Requested size: 483.69684pt x 141.02026pt.
<Screenshot 2024-02-27 at 10.20.00 AM.png, id=57, 692.5875pt x 435.6275pt>
File: Screenshot 2024-02-27 at 10.20.00 AM.png Graphic file (type png)
<use Screenshot 2024-02-27 at 10.20.00 AM.png>
Package pdftex.def Info: Screenshot 2024-02-27 at 10.20.00 AM.png  used on in
put line 119.
(pdftex.def)             Requested size: 483.69684pt x 304.24586pt.
<Screenshot 2024-02-27 at 10.20.21 AM.png, id=58, 688.5725pt x 283.0575pt>
File: Screenshot 2024-02-27 at 10.20.21 AM.png Graphic file (type png)
<use Screenshot 2024-02-27 at 10.20.21 AM.png>
Package pdftex.def Info: Screenshot 2024-02-27 at 10.20.21 AM.png  used on in
put line 125.
(pdftex.def)             Requested size: 483.69684pt x 198.83858pt.
 [4 <./Screenshot 2024-02-27 at 8.40.47 AM.png> <./Screenshot 2024-02-27 at 8
.40.40 AM.png> <./Screenshot 2024-02-27 at 10.20.00 AM.png>]
[5 <./Screenshot 2024-02-27 at 10.20.21 AM.png>]
<Screenshot 2024-03-03 at 8.51.45 AM.png, id=86, 775.89874pt x 187.70125pt>
File: Screenshot 2024-03-03 at 8.51.45 AM.png Graphic file (type png)
<use Screenshot 2024-03-03 at 8.51.45 AM.png>
Package pdftex.def Info: Screenshot 2024-03-03 at 8.51.45 AM.png  used on inp
ut line 229.
(pdftex.def)             Requested size: 483.69684pt x 117.01512pt.
 [6]
<Screenshot 2024-03-06 at 9.07.39 AM.png, id=95, 566.115pt x 219.82124pt>
File: Screenshot 2024-03-06 at 9.07.39 AM.png Graphic file (type png)
<use Screenshot 2024-03-06 at 9.07.39 AM.png>
Package pdftex.def Info: Screenshot 2024-03-06 at 9.07.39 AM.png  used on inp
ut line 235.
(pdftex.def)             Requested size: 483.69684pt x 187.825pt.
 (./HashingForDatabase.py [7 <./Screenshot 2024-03-03 at 8.51.45 AM.png> <./S
creenshot 2024-03-06 at 9.07.39 AM.png>] [8]) (./Output_For_4.6.3.txt [9])
<Screenshot 2024-02-27 at 10.06.49 AM.png, id=229, 692.5875pt x 61.22874pt>
File: Screenshot 2024-02-27 at 10.06.49 AM.png Graphic file (type png)
<use Screenshot 2024-02-27 at 10.06.49 AM.png>
Package pdftex.def Info: Screenshot 2024-02-27 at 10.06.49 AM.png  used on in
put line 274.
(pdftex.def)             Requested size: 483.69684pt x 42.76265pt.
<Screenshot 2024-02-29 at 4.32.46 PM.png, id=230, 697.60625pt x 155.58125pt>
File: Screenshot 2024-02-29 at 4.32.46 PM.png Graphic file (type png)
<use Screenshot 2024-02-29 at 4.32.46 PM.png>
Package pdftex.def Info: Screenshot 2024-02-29 at 4.32.46 PM.png  used on inp
ut line 280.
(pdftex.def)             Requested size: 483.69684pt x 107.87581pt.
<Screenshot 2024-02-29 at 4.31.50 PM.png, id=231, 688.5725pt x 154.5775pt>
File: Screenshot 2024-02-29 at 4.31.50 PM.png Graphic file (type png)
<use Screenshot 2024-02-29 at 4.31.50 PM.png>
Package pdftex.def Info: Screenshot 2024-02-29 at 4.31.50 PM.png  used on inp
ut line 286.
(pdftex.def)             Requested size: 483.69684pt x 108.5856pt.
<Screenshot 2024-03-05 at 10.07.54 AM.png, id=232, 771.88374pt x 346.29375pt>

File: Screenshot 2024-03-05 at 10.07.54 AM.png Graphic file (type png)
<use Screenshot 2024-03-05 at 10.07.54 AM.png>
Package pdftex.def Info: Screenshot 2024-03-05 at 10.07.54 AM.png  used on in
put line 292.
(pdftex.def)             Requested size: 483.69684pt x 217.00372pt.
 [10 <./Screenshot 2024-02-27 at 10.06.49 AM.png> <./Screenshot 2024-02-29 at
 4.32.46 PM.png> <./Screenshot 2024-02-29 at 4.31.50 PM.png>]
<Screenshot 2024-02-29 at 5.01.31 PM.png, id=249, 490.83376pt x 104.39pt>
File: Screenshot 2024-02-29 at 5.01.31 PM.png Graphic file (type png)
<use Screenshot 2024-02-29 at 5.01.31 PM.png>
Package pdftex.def Info: Screenshot 2024-02-29 at 5.01.31 PM.png  used on inp
ut line 298.
(pdftex.def)             Requested size: 483.69684pt x 102.87491pt.
 (./PrivilegesForDB.py [11 <./Screenshot 2024-03-05 at 10.07.54 AM.png> <./Sc
reenshot 2024-02-29 at 5.01.31 PM.png>]) (./Output_For_4.6.4.txt
Overfull \hbox (14.00822pt too wide) in paragraph at lines 11--12
[][][][][] 
 []


Overfull \hbox (14.00822pt too wide) in paragraph at lines 13--14
[][][][][] 
 []

[12]
Overfull \hbox (14.00822pt too wide) in paragraph at lines 17--18
[][][][][] 
 []


Overfull \hbox (14.00822pt too wide) in paragraph at lines 21--22
[][][][][] 
 []


Overfull \hbox (4209.46176pt too wide) in paragraph at lines 22--23
[][][] 
 []


Overfull \hbox (14.00822pt too wide) in paragraph at lines 23--24
[][][][][] 
 []


Overfull \hbox (1897.33824pt too wide) in paragraph at lines 24--25
[][][] 
 []


Overfull \hbox (14.00822pt too wide) in paragraph at lines 26--27
[][][][][] 
 []

) [13]
<Screenshot 2024-03-02 at 9.30.05 AM.png, id=362, 865.2325pt x 278.03876pt>
File: Screenshot 2024-03-02 at 9.30.05 AM.png Graphic file (type png)
<use Screenshot 2024-03-02 at 9.30.05 AM.png>
Package pdftex.def Info: Screenshot 2024-03-02 at 9.30.05 AM.png  used on inp
ut line 342.
(pdftex.def)             Requested size: 483.69684pt x 155.43335pt.
 (./NSATime.py [14 <./Screenshot 2024-03-02 at 9.30.05 AM.png>]
[15]) (./Output_For_4.6.5.txt
Overfull \hbox (265.62164pt too wide) in paragraph at lines 2--3
[][][] 
 []

)
Overfull \hbox (366.42267pt too wide) in paragraph at lines 3--348
[][][] 
 []


Overfull \hbox (341.22241pt too wide) in paragraph at lines 3--348
[][][] 
 []

[16]
LaTeX Font Info:    Trying to load font information for TS1+lmr on input line 3
57.
 (/usr/local/texlive/2021/texmf-dist/tex/latex/lm/ts1lmr.fd
File: ts1lmr.fd 2015/05/01 v1.6.1 Font defs for Latin Modern
)
<Screenshot 2024-03-02 at 4.44.43 PM.png, id=509, 860.21375pt x 682.55pt>
File: Screenshot 2024-03-02 at 4.44.43 PM.png Graphic file (type png)
<use Screenshot 2024-03-02 at 4.44.43 PM.png>
Package pdftex.def Info: Screenshot 2024-03-02 at 4.44.43 PM.png  used on inp
ut line 378.
(pdftex.def)             Requested size: 483.69684pt x 383.79803pt.
 [17]
(./DBEncryptor.py [18 <./Screenshot 2024-03-02 at 4.44.43 PM.png>]) [19]
<Screenshot 2024-03-06 at 9.45.22 AM.png, id=605, 863.225pt x 780.9175pt>
File: Screenshot 2024-03-06 at 9.45.22 AM.png Graphic file (type png)
<use Screenshot 2024-03-06 at 9.45.22 AM.png>
Package pdftex.def Info: Screenshot 2024-03-06 at 9.45.22 AM.png  used on inp
ut line 387.
(pdftex.def)             Requested size: 483.69684pt x 437.57297pt.
<Screenshot 2024-03-06 at 9.45.57 AM.png, id=606, 870.25125pt x 550.055pt>
File: Screenshot 2024-03-06 at 9.45.57 AM.png Graphic file (type png)
<use Screenshot 2024-03-06 at 9.45.57 AM.png>
Package pdftex.def Info: Screenshot 2024-03-06 at 9.45.57 AM.png  used on inp
ut line 393.
(pdftex.def)             Requested size: 483.69684pt x 305.73737pt.

[20 <./Screenshot 2024-03-06 at 9.45.22 AM.png>] [21 <./Screenshot 2024-03-06
 at 9.45.57 AM.png>] [22] (./REINES_ABRAHAM_Project_4.aux)
Package rerunfilecheck Info: File `REINES_ABRAHAM_Project_4.out' has not change
d.
(rerunfilecheck)             Checksum: D41D8CD98F00B204E9800998ECF8427E;0.
 ) 
Here is how much of TeX's memory you used:
 13441 strings out of 478994
 194442 string characters out of 5858184
 1121523 words of memory out of 5000000
 30158 multiletter control sequences out of 15000+600000
 458059 words of font info for 72 fonts, out of 8000000 for 9000
 1141 hyphenation exceptions out of 8191
 71i,6n,74p,906b,1939s stack positions out of 5000i,500n,10000p,200000b,80000s
{/usr/local/texlive/2021/texmf-dist/fonts/enc/dvips/lm/lm-ts1.enc}{/usr/local
/texlive/2021/texmf-dist/fonts/enc/dvips/lm/lm-ec.enc}{/usr/local/texlive/2021/
texmf-dist/fonts/enc/dvips/lm/lm-mathsy.enc}{/usr/local/texlive/2021/texmf-dist
/fonts/enc/dvips/lm/lm-mathit.enc}</usr/local/texlive/2021/texmf-dist/fonts/typ
e1/public/lm/lmbx10.pfb></usr/local/texlive/2021/texmf-dist/fonts/type1/public/
lm/lmbx12.pfb></usr/local/texlive/2021/texmf-dist/fonts/type1/public/lm/lmmi10.
pfb></usr/local/texlive/2021/texmf-dist/fonts/type1/public/lm/lmr10.pfb></usr/l
ocal/texlive/2021/texmf-dist/fonts/type1/public/lm/lmr12.pfb></usr/local/texliv
e/2021/texmf-dist/fonts/type1/public/lm/lmr17.pfb></usr/local/texlive/2021/texm
f-dist/fonts/type1/public/lm/lmr9.pfb></usr/local/texlive/2021/texmf-dist/fonts
/type1/public/lm/lmri10.pfb></usr/local/texlive/2021/texmf-dist/fonts/type1/pub
lic/lm/lmsy10.pfb></usr/local/texlive/2021/texmf-dist/fonts/type1/public/lm/lmt
k10.pfb></usr/local/texlive/2021/texmf-dist/fonts/type1/public/lm/lmtt10.pfb></
usr/local/texlive/2021/texmf-dist/fonts/type1/public/lm/lmtti10.pfb>
Output written on REINES_ABRAHAM_Project_4.pdf (22 pages, 9079204 bytes).
PDF statistics:
 796 PDF objects out of 1000 (max. 8388607)
 716 compressed objects within 8 object streams
 510 named destinations out of 1000 (max. 500000)
 91 words of extra memory for PDF output out of 10000 (max. 10000000)

