\BOOKMARK [1][-]{section.1}{\376\377\000I\000n\000t\000r\000o\000d\000u\000c\000t\000i\000o\000n}{}% 1
\BOOKMARK [1][-]{section.2}{\376\377\000D\000e\000f\000i\000n\000i\000t\000i\000o\000n\000s}{}% 2
\BOOKMARK [1][-]{section.3}{\376\377\000M\000e\000t\000h\000o\000d\000o\000l\000o\000g\000y}{}% 3
\BOOKMARK [1][-]{section.4}{\376\377\000C\000o\000d\000e\000\040\000E\000x\000p\000l\000a\000n\000a\000t\000i\000o\000n}{}% 4
\BOOKMARK [2][-]{subsection.4.1}{\376\377\000W\000i\000t\000h\000\040\000f\000f\000l\000u\000s\000h}{section.4}% 5
\BOOKMARK [2][-]{subsection.4.2}{\376\377\000W\000i\000t\000h\000o\000u\000t\000\040\000f\000f\000l\000u\000s\000h}{section.4}% 6
\BOOKMARK [1][-]{section.5}{\376\377\000R\000e\000s\000u\000l\000t\000s\000\040\000a\000n\000d\000\040\000A\000n\000a\000l\000y\000s\000i\000s}{}% 7
\BOOKMARK [2][-]{subsection.5.1}{\376\377\000T\000e\000r\000m\000i\000n\000a\000l\000\040\000O\000u\000t\000p\000u\000t\000\040\000w\000i\000t\000h\000\040\000f\000f\000l\000u\000s\000h}{section.5}% 8
\BOOKMARK [2][-]{subsection.5.2}{\376\377\000T\000e\000r\000m\000i\000n\000a\000l\000\040\000O\000u\000t\000p\000u\000t\000\040\000w\000i\000t\000h\000o\000u\000t\000\040\000f\000f\000l\000u\000s\000h}{section.5}% 9
\BOOKMARK [2][-]{subsection.5.3}{\376\377\000T\000e\000x\000t\000\040\000F\000i\000l\000e\000\040\000O\000u\000t\000p\000u\000t\000\040\000w\000i\000t\000h\000\040\000f\000f\000l\000u\000s\000h}{section.5}% 10
\BOOKMARK [2][-]{subsection.5.4}{\376\377\000T\000e\000x\000t\000\040\000F\000i\000l\000e\000\040\000O\000u\000t\000p\000u\000t\000\040\000w\000i\000t\000h\000o\000u\000t\000\040\000f\000f\000l\000u\000s\000h}{section.5}% 11
\BOOKMARK [2][-]{subsection.5.5}{\376\377\000F\000i\000l\000e\000\040\000O\000u\000t\000p\000u\000t\000\040\000a\000p\000p\000e\000n\000d\000e\000d\000\040\000w\000i\000t\000h\000\040\000f\000f\000l\000u\000s\000h}{section.5}% 12
\BOOKMARK [2][-]{subsection.5.6}{\376\377\000F\000i\000l\000e\000\040\000O\000u\000t\000p\000u\000t\000\040\000a\000p\000p\000e\000n\000d\000e\000d\000\040\000w\000i\000t\000h\000o\000u\000t\000\040\000f\000f\000l\000u\000s\000h}{section.5}% 13
\BOOKMARK [2][-]{subsection.5.7}{\376\377\000D\000i\000s\000c\000u\000s\000s\000i\000o\000n}{section.5}% 14
\BOOKMARK [2][-]{subsection.5.8}{\376\377\000W\000i\000t\000h\000\040\000f\000f\000l\000u\000s\000h\000\050\000s\000t\000d\000o\000u\000t\000\051}{section.5}% 15
\BOOKMARK [2][-]{subsection.5.9}{\376\377\000W\000i\000t\000h\000o\000u\000t\000\040\000f\000f\000l\000u\000s\000h\000\050\000s\000t\000d\000o\000u\000t\000\051}{section.5}% 16
\BOOKMARK [2][-]{subsection.5.10}{\376\377\000T\000e\000r\000m\000i\000n\000a\000l\000\040\000O\000u\000t\000p\000u\000t\000\040\000w\000i\000t\000h\000\040\000f\000f\000l\000u\000s\000h\000\050\000s\000t\000d\000o\000u\000t\000\051}{section.5}% 17
\BOOKMARK [2][-]{subsection.5.11}{\376\377\000F\000i\000l\000e\000\040\000O\000u\000t\000p\000u\000t\000\040\000w\000i\000t\000h\000\040\000f\000f\000l\000u\000s\000h\000\050\000s\000t\000d\000o\000u\000t\000\051}{section.5}% 18
\BOOKMARK [2][-]{subsection.5.12}{\376\377\000T\000e\000r\000m\000i\000n\000a\000l\000\040\000O\000u\000t\000p\000u\000t\000\040\000w\000i\000t\000h\000o\000u\000t\000\040\000f\000f\000l\000u\000s\000h\000\050\000s\000t\000d\000o\000u\000t\000\051}{section.5}% 19
\BOOKMARK [2][-]{subsection.5.13}{\376\377\000F\000i\000l\000e\000\040\000O\000u\000t\000p\000u\000t\000\040\000w\000i\000t\000h\000o\000u\000t\000\040\000f\000f\000l\000u\000s\000h\000\050\000s\000t\000d\000o\000u\000t\000\051}{section.5}% 20
\BOOKMARK [2][-]{subsection.5.14}{\376\377\000A\000p\000p\000e\000n\000d\000i\000n\000g\000\040\000t\000h\000e\000\040\000O\000u\000t\000p\000u\000t}{section.5}% 21
\BOOKMARK [1][-]{section.6}{\376\377\000C\000o\000n\000c\000l\000u\000s\000i\000o\000n}{}% 22
