\BOOKMARK [1][-]{section.1}{\376\377\000I\000n\000t\000r\000o\000d\000u\000c\000t\000i\000o\000n}{}% 1
\BOOKMARK [1][-]{section.2}{\376\377\000H\000i\000g\000h\000-\000L\000e\000v\000e\000l\000\040\000D\000e\000s\000i\000g\000n}{}% 2
\BOOKMARK [2][-]{subsection.2.1}{\376\377\000S\000y\000s\000t\000e\000m\000\040\000A\000r\000c\000h\000i\000t\000e\000c\000t\000u\000r\000e}{section.2}% 3
\BOOKMARK [2][-]{subsection.2.2}{\376\377\000Q\000u\000a\000n\000t\000u\000m\000\040\000K\000e\000y\000\040\000D\000i\000s\000t\000r\000i\000b\000u\000t\000i\000o\000n\000\040\000\050\000Q\000K\000D\000\051}{section.2}% 4
\BOOKMARK [2][-]{subsection.2.3}{\376\377\000E\000n\000c\000r\000y\000p\000t\000i\000o\000n\000\040\000a\000n\000d\000\040\000D\000e\000c\000r\000y\000p\000t\000i\000o\000n}{section.2}% 5
\BOOKMARK [1][-]{section.3}{\376\377\000I\000m\000p\000l\000e\000m\000e\000n\000t\000a\000t\000i\000o\000n\000\040\000D\000e\000t\000a\000i\000l\000s}{}% 6
\BOOKMARK [2][-]{subsection.3.1}{\376\377\000P\000r\000o\000g\000r\000a\000m\000m\000i\000n\000g\000\040\000L\000a\000n\000g\000u\000a\000g\000e}{section.3}% 7
\BOOKMARK [2][-]{subsection.3.2}{\376\377\000S\000p\000e\000c\000i\000a\000l\000i\000z\000e\000d\000\040\000L\000i\000b\000r\000a\000r\000i\000e\000s}{section.3}% 8
\BOOKMARK [1][-]{section.4}{\376\377\000C\000o\000m\000p\000i\000l\000i\000n\000g\000\040\000a\000n\000d\000\040\000R\000u\000n\000n\000i\000n\000g\000\040\000t\000h\000e\000\040\000P\000r\000o\000j\000e\000c\000t}{}% 9
\BOOKMARK [2][-]{subsection.4.1}{\376\377\000S\000e\000t\000u\000p\000\040\000I\000n\000s\000t\000r\000u\000c\000t\000i\000o\000n\000s}{section.4}% 10
\BOOKMARK [2][-]{subsection.4.2}{\376\377\000R\000u\000n\000n\000i\000n\000g\000\040\000t\000h\000e\000\040\000S\000e\000r\000v\000e\000r}{section.4}% 11
\BOOKMARK [2][-]{subsection.4.3}{\376\377\000R\000u\000n\000n\000i\000n\000g\000\040\000t\000h\000e\000\040\000C\000l\000i\000e\000n\000t}{section.4}% 12
\BOOKMARK [1][-]{section.5}{\376\377\000I\000n\000t\000e\000g\000r\000a\000t\000i\000o\000n\000\040\000w\000i\000t\000h\000\040\000Q\000i\000s\000k\000i\000t}{}% 13
\BOOKMARK [2][-]{subsection.5.1}{\376\377\000Q\000K\000D\000\040\000S\000i\000m\000u\000l\000a\000t\000i\000o\000n\000\040\000w\000i\000t\000h\000\040\000Q\000i\000s\000k\000i\000t}{section.5}% 14
\BOOKMARK [1][-]{section.6}{\376\377\000Q\000u\000a\000n\000t\000u\000m\000\040\000M\000e\000c\000h\000a\000n\000i\000c\000s\000\040\000o\000f\000\040\000P\000h\000o\000t\000o\000n\000\040\000T\000r\000a\000n\000s\000m\000i\000s\000s\000i\000o\000n}{}% 15
\BOOKMARK [2][-]{subsection.6.1}{\376\377\000P\000h\000o\000t\000o\000n\000\040\000a\000s\000\040\000a\000\040\000Q\000u\000b\000i\000t\000\040\000C\000a\000r\000r\000i\000e\000r}{section.6}% 16
\BOOKMARK [2][-]{subsection.6.2}{\376\377\000Q\000u\000a\000n\000t\000u\000m\000\040\000S\000u\000p\000e\000r\000p\000o\000s\000i\000t\000i\000o\000n\000\040\000a\000n\000d\000\040\000M\000e\000a\000s\000u\000r\000e\000m\000e\000n\000t}{section.6}% 17
\BOOKMARK [2][-]{subsection.6.3}{\376\377\000T\000r\000a\000n\000s\000m\000i\000s\000s\000i\000o\000n\000\040\000t\000h\000r\000o\000u\000g\000h\000\040\000a\000\040\000Q\000u\000a\000n\000t\000u\000m\000\040\000C\000h\000a\000n\000n\000e\000l}{section.6}% 18
\BOOKMARK [2][-]{subsection.6.4}{\376\377\000E\000a\000v\000e\000s\000d\000r\000o\000p\000p\000i\000n\000g\000\040\000D\000e\000t\000e\000c\000t\000i\000o\000n\000\040\000v\000i\000a\000\040\000t\000h\000e\000\040\000N\000o\000-\000C\000l\000o\000n\000i\000n\000g\000\040\000T\000h\000e\000o\000r\000e\000m}{section.6}% 19
\BOOKMARK [2][-]{subsection.6.5}{\376\377\000Q\000u\000a\000n\000t\000u\000m\000\040\000K\000e\000y\000\040\000A\000g\000r\000e\000e\000m\000e\000n\000t\000\040\000a\000n\000d\000\040\000S\000e\000c\000u\000r\000i\000t\000y}{section.6}% 20
\BOOKMARK [1][-]{section.7}{\376\377\000L\000a\000n\000g\000u\000a\000g\000e\000\040\000M\000o\000d\000e\000l\000\040\000\050\000L\000L\000M\000\051\000\040\000o\000n\000\040\000t\000h\000e\000\040\000S\000e\000r\000v\000e\000r}{}% 21
\BOOKMARK [2][-]{subsection.7.1}{\376\377\000F\000u\000t\000u\000r\000e\000\040\000U\000p\000g\000r\000a\000d\000e\000s\000\040\000t\000o\000\040\000O\000l\000l\000a\000m\000a\000\040\000L\000L\000M}{section.7}% 22
\BOOKMARK [2][-]{subsection.7.2}{\376\377\000P\000o\000t\000e\000n\000t\000i\000a\000l\000\040\000f\000o\000r\000\040\000F\000i\000n\000e\000-\000T\000u\000n\000i\000n\000g}{section.7}% 23
\BOOKMARK [2][-]{subsection.7.3}{\376\377\000S\000e\000r\000v\000e\000r\000-\000C\000l\000i\000e\000n\000t\000\040\000A\000r\000c\000h\000i\000t\000e\000c\000t\000u\000r\000e}{section.7}% 24
\BOOKMARK [2][-]{subsection.7.4}{\376\377\000R\000e\000s\000p\000o\000n\000s\000e\000\040\000G\000e\000n\000e\000r\000a\000t\000i\000o\000n\000\040\000a\000n\000d\000\040\000L\000a\000t\000e\000n\000c\000y\000\040\000C\000o\000n\000s\000i\000d\000e\000r\000a\000t\000i\000o\000n\000s}{section.7}% 25
\BOOKMARK [1][-]{section.8}{\376\377\000K\000n\000o\000w\000n\000\040\000I\000s\000s\000u\000e\000s}{}% 26
\BOOKMARK [1][-]{section.9}{\376\377\000C\000o\000n\000c\000l\000u\000s\000i\000o\000n}{}% 27
