This is pdfTeX, Version 3.141592653-2.6-1.40.22 (TeX Live 2021) (preloaded format=pdflatex 2022.3.27)  2 AUG 2024 09:06
entering extended mode
 \write18 enabled.
 file:line:error style messages enabled.
 %&-line parsing enabled.
**BMXInvoice26.tex
(./BMXInvoice26.tex
LaTeX2e <2020-10-01> patch level 4
L3 programming layer <2021-02-18>
(/usr/local/texlive/2021/texmf-dist/tex/latex/base/article.cls
Document Class: article 2020/04/10 v1.4m Standard LaTeX document class
(/usr/local/texlive/2021/texmf-dist/tex/latex/base/size10.clo
File: size10.clo 2020/04/10 v1.4m Standard LaTeX file (size option)
)
\c@part=\count179
\c@section=\count180
\c@subsection=\count181
\c@subsubsection=\count182
\c@paragraph=\count183
\c@subparagraph=\count184
\c@figure=\count185
\c@table=\count186
\abovecaptionskip=\skip47
\belowcaptionskip=\skip48
\bibindent=\dimen138
)
(/usr/local/texlive/2021/texmf-dist/tex/latex/geometry/geometry.sty
Package: geometry 2020/01/02 v5.9 Page Geometry

(/usr/local/texlive/2021/texmf-dist/tex/latex/graphics/keyval.sty
Package: keyval 2014/10/28 v1.15 key=value parser (DPC)
\KV@toks@=\toks15
)
(/usr/local/texlive/2021/texmf-dist/tex/generic/iftex/ifvtex.sty
Package: ifvtex 2019/10/25 v1.7 ifvtex legacy package. Use iftex instead.

(/usr/local/texlive/2021/texmf-dist/tex/generic/iftex/iftex.sty
Package: iftex 2020/03/06 v1.0d TeX engine tests
))
\Gm@cnth=\count187
\Gm@cntv=\count188
\c@Gm@tempcnt=\count189
\Gm@bindingoffset=\dimen139
\Gm@wd@mp=\dimen140
\Gm@odd@mp=\dimen141
\Gm@even@mp=\dimen142
\Gm@layoutwidth=\dimen143
\Gm@layoutheight=\dimen144
\Gm@layouthoffset=\dimen145
\Gm@layoutvoffset=\dimen146
\Gm@dimlist=\toks16
)
(/usr/local/texlive/2021/texmf-dist/tex/generic/iftex/ifxetex.sty
Package: ifxetex 2019/10/25 v0.7 ifxetex legacy package. Use iftex instead.
)
(/usr/local/texlive/2021/texmf-dist/tex/generic/iftex/ifluatex.sty
Package: ifluatex 2019/10/25 v1.5 ifluatex legacy package. Use iftex instead.
)
(/usr/local/texlive/2021/texmf-dist/tex/latex/hyperref/hyperref.sty
Package: hyperref 2021-02-27 v7.00k Hypertext links for LaTeX

(/usr/local/texlive/2021/texmf-dist/tex/generic/ltxcmds/ltxcmds.sty
Package: ltxcmds 2020-05-10 v1.25 LaTeX kernel commands for general use (HO)
)
(/usr/local/texlive/2021/texmf-dist/tex/generic/pdftexcmds/pdftexcmds.sty
Package: pdftexcmds 2020-06-27 v0.33 Utility functions of pdfTeX for LuaTeX (HO
)

(/usr/local/texlive/2021/texmf-dist/tex/generic/infwarerr/infwarerr.sty
Package: infwarerr 2019/12/03 v1.5 Providing info/warning/error messages (HO)
)
Package pdftexcmds Info: \pdf@primitive is available.
Package pdftexcmds Info: \pdf@ifprimitive is available.
Package pdftexcmds Info: \pdfdraftmode found.
)
(/usr/local/texlive/2021/texmf-dist/tex/generic/kvsetkeys/kvsetkeys.sty
Package: kvsetkeys 2019/12/15 v1.18 Key value parser (HO)
)
(/usr/local/texlive/2021/texmf-dist/tex/generic/kvdefinekeys/kvdefinekeys.sty
Package: kvdefinekeys 2019-12-19 v1.6 Define keys (HO)
)
(/usr/local/texlive/2021/texmf-dist/tex/generic/pdfescape/pdfescape.sty
Package: pdfescape 2019/12/09 v1.15 Implements pdfTeX's escape features (HO)
)
(/usr/local/texlive/2021/texmf-dist/tex/latex/hycolor/hycolor.sty
Package: hycolor 2020-01-27 v1.10 Color options for hyperref/bookmark (HO)
)
(/usr/local/texlive/2021/texmf-dist/tex/latex/letltxmacro/letltxmacro.sty
Package: letltxmacro 2019/12/03 v1.6 Let assignment for LaTeX macros (HO)
)
(/usr/local/texlive/2021/texmf-dist/tex/latex/auxhook/auxhook.sty
Package: auxhook 2019-12-17 v1.6 Hooks for auxiliary files (HO)
)
(/usr/local/texlive/2021/texmf-dist/tex/latex/kvoptions/kvoptions.sty
Package: kvoptions 2020-10-07 v3.14 Key value format for package options (HO)
)
\@linkdim=\dimen147
\Hy@linkcounter=\count190
\Hy@pagecounter=\count191

(/usr/local/texlive/2021/texmf-dist/tex/latex/hyperref/pd1enc.def
File: pd1enc.def 2021-02-27 v7.00k Hyperref: PDFDocEncoding definition (HO)
Now handling font encoding PD1 ...
... no UTF-8 mapping file for font encoding PD1
)
(/usr/local/texlive/2021/texmf-dist/tex/latex/hyperref/hyperref-langpatches.def
File: hyperref-langpatches.def 2021-02-27 v7.00k Hyperref: patches for babel la
nguages
) (/usr/local/texlive/2021/texmf-dist/tex/generic/intcalc/intcalc.sty
Package: intcalc 2019/12/15 v1.3 Expandable calculations with integers (HO)
)
(/usr/local/texlive/2021/texmf-dist/tex/generic/etexcmds/etexcmds.sty
Package: etexcmds 2019/12/15 v1.7 Avoid name clashes with e-TeX commands (HO)
)
\Hy@SavedSpaceFactor=\count192

(/usr/local/texlive/2021/texmf-dist/tex/latex/hyperref/puenc.def
File: puenc.def 2021-02-27 v7.00k Hyperref: PDF Unicode definition (HO)
Now handling font encoding PU ...
... no UTF-8 mapping file for font encoding PU
)
Package hyperref Info: Option `unicode' set `true' on input line 4073.

(/usr/local/texlive/2021/texmf-dist/tex/generic/stringenc/stringenc.sty
Package: stringenc 2019/11/29 v1.12 Convert strings between diff. encodings (HO
)
)
Package hyperref Info: Option `unicode' set `true' on input line 4073.
Package hyperref Info: Option `bookmarks' set `false' on input line 4073.
Package hyperref Info: Option `colorlinks' set `false' on input line 4073.
Package hyperref Info: Hyper figures OFF on input line 4192.
Package hyperref Info: Link nesting OFF on input line 4197.
Package hyperref Info: Hyper index ON on input line 4200.
Package hyperref Info: Plain pages OFF on input line 4207.
Package hyperref Info: Backreferencing OFF on input line 4212.
Package hyperref Info: Implicit mode ON; LaTeX internals redefined.
Package hyperref Info: Bookmarks OFF on input line 4451.
\c@Hy@tempcnt=\count193

(/usr/local/texlive/2021/texmf-dist/tex/latex/url/url.sty
\Urlmuskip=\muskip16
Package: url 2013/09/16  ver 3.4  Verb mode for urls, etc.
)
LaTeX Info: Redefining \url on input line 4804.
\XeTeXLinkMargin=\dimen148

(/usr/local/texlive/2021/texmf-dist/tex/generic/bitset/bitset.sty
Package: bitset 2019/12/09 v1.3 Handle bit-vector datatype (HO)

(/usr/local/texlive/2021/texmf-dist/tex/generic/bigintcalc/bigintcalc.sty
Package: bigintcalc 2019/12/15 v1.5 Expandable calculations on big integers (HO
)
))
\Fld@menulength=\count194
\Field@Width=\dimen149
\Fld@charsize=\dimen150
Package hyperref Info: Hyper figures OFF on input line 6075.
Package hyperref Info: Link nesting OFF on input line 6080.
Package hyperref Info: Hyper index ON on input line 6083.
Package hyperref Info: backreferencing OFF on input line 6090.
Package hyperref Info: Link coloring OFF on input line 6095.
Package hyperref Info: Link coloring with OCG OFF on input line 6100.
Package hyperref Info: PDF/A mode OFF on input line 6105.
LaTeX Info: Redefining \ref on input line 6145.
LaTeX Info: Redefining \pageref on input line 6149.

(/usr/local/texlive/2021/texmf-dist/tex/latex/base/atbegshi-ltx.sty
Package: atbegshi-ltx 2020/08/17 v1.0a Emulation of the original atbegshi packa
ge
with kernel methods
)
\Hy@abspage=\count195
\c@Item=\count196
\c@Hfootnote=\count197
)
Package hyperref Info: Driver (autodetected): hpdftex.

(/usr/local/texlive/2021/texmf-dist/tex/latex/hyperref/hpdftex.def
File: hpdftex.def 2021-02-27 v7.00k Hyperref driver for pdfTeX

(/usr/local/texlive/2021/texmf-dist/tex/latex/base/atveryend-ltx.sty
Package: atveryend-ltx 2020/08/19 v1.0a Emulation of the original atvery packag
e
with kernel methods
)
\Fld@listcount=\count198
\c@bookmark@seq@number=\count199

(/usr/local/texlive/2021/texmf-dist/tex/latex/rerunfilecheck/rerunfilecheck.sty
Package: rerunfilecheck 2019/12/05 v1.9 Rerun checks for auxiliary files (HO)

(/usr/local/texlive/2021/texmf-dist/tex/generic/uniquecounter/uniquecounter.sty
Package: uniquecounter 2019/12/15 v1.4 Provide unlimited unique counter (HO)
)
Package uniquecounter Info: New unique counter `rerunfilecheck' on input line 2
86.
)
\Hy@SectionHShift=\skip49
) (/usr/local/texlive/2021/texmf-dist/tex/latex/xcolor/xcolor.sty
Package: xcolor 2016/05/11 v2.12 LaTeX color extensions (UK)

(/usr/local/texlive/2021/texmf-dist/tex/latex/graphics-cfg/color.cfg
File: color.cfg 2016/01/02 v1.6 sample color configuration
)
Package xcolor Info: Driver file: pdftex.def on input line 225.

(/usr/local/texlive/2021/texmf-dist/tex/latex/graphics-def/pdftex.def
File: pdftex.def 2020/10/05 v1.2a Graphics/color driver for pdftex
)
(/usr/local/texlive/2021/texmf-dist/tex/latex/colortbl/colortbl.sty
Package: colortbl 2020/01/04 v1.0e Color table columns (DPC)

(/usr/local/texlive/2021/texmf-dist/tex/latex/tools/array.sty
Package: array 2020/10/01 v2.5c Tabular extension package (FMi)
\col@sep=\dimen151
\ar@mcellbox=\box47
\extrarowheight=\dimen152
\NC@list=\toks17
\extratabsurround=\skip50
\backup@length=\skip51
\ar@cellbox=\box48
)
\everycr=\toks18
\minrowclearance=\skip52
)
\rownum=\count266
Package xcolor Info: Model `cmy' substituted by `cmy0' on input line 1348.
Package xcolor Info: Model `hsb' substituted by `rgb' on input line 1352.
Package xcolor Info: Model `RGB' extended on input line 1364.
Package xcolor Info: Model `HTML' substituted by `rgb' on input line 1366.
Package xcolor Info: Model `Hsb' substituted by `hsb' on input line 1367.
Package xcolor Info: Model `tHsb' substituted by `hsb' on input line 1368.
Package xcolor Info: Model `HSB' substituted by `hsb' on input line 1369.
Package xcolor Info: Model `Gray' substituted by `gray' on input line 1370.
Package xcolor Info: Model `wave' substituted by `hsb' on input line 1371.
)
(/usr/local/texlive/2021/texmf-dist/tex/latex/tools/longtable.sty
Package: longtable 2020/01/07 v4.13 Multi-page Table package (DPC)
\LTleft=\skip53
\LTright=\skip54
\LTpre=\skip55
\LTpost=\skip56
\LTchunksize=\count267
\LTcapwidth=\dimen153
\LT@head=\box49
\LT@firsthead=\box50
\LT@foot=\box51
\LT@lastfoot=\box52
\LT@cols=\count268
\LT@rows=\count269
\c@LT@tables=\count270
\c@LT@chunks=\count271
\LT@p@ftn=\toks19
)
(/usr/local/texlive/2021/texmf-dist/tex/latex/tabu/tabu.sty
Package: tabu 2019/01/11 v2.9 - flexible LaTeX tabulars (FC+tabu-fixed)

(/usr/local/texlive/2021/texmf-dist/tex/latex/varwidth/varwidth.sty
Package: varwidth 2009/03/30 ver 0.92;  Variable-width minipages
\@vwid@box=\box53
\sift@deathcycles=\count272
\@vwid@loff=\dimen154
\@vwid@roff=\dimen155
)
\c@taburow=\count273
\tabu@nbcols=\count274
\tabu@cnt=\count275
\tabu@Xcol=\count276
\tabu@alloc=\count277
\tabu@nested=\count278
\tabu@target=\dimen156
\tabu@spreadtarget=\dimen157
\tabu@naturalX=\dimen158
\tabucolX=\dimen159
\tabu@Xsum=\dimen160
\extrarowdepth=\dimen161
\abovetabulinesep=\dimen162
\belowtabulinesep=\dimen163
\tabustrutrule=\dimen164
\tabu@thebody=\toks20
\tabu@footnotes=\toks21
\tabu@box=\box54
\tabu@arstrutbox=\box55
\tabu@hleads=\box56
\tabu@vleads=\box57
\tabu@cellskip=\skip57
)
(/usr/local/texlive/2021/texmf-dist/tex/latex/tools/multicol.sty
Package: multicol 2019/12/09 v1.8y multicolumn formatting (FMi)
\c@tracingmulticols=\count279
\mult@box=\box58
\multicol@leftmargin=\dimen165
\c@unbalance=\count280
\c@collectmore=\count281
\doublecol@number=\count282
\multicoltolerance=\count283
\multicolpretolerance=\count284
\full@width=\dimen166
\page@free=\dimen167
\premulticols=\dimen168
\postmulticols=\dimen169
\multicolsep=\skip58
\multicolbaselineskip=\skip59
\partial@page=\box59
\last@line=\box60
\maxbalancingoverflow=\dimen170
\mult@rightbox=\box61
\mult@grightbox=\box62
\mult@gfirstbox=\box63
\mult@firstbox=\box64
\@tempa=\box65
\@tempa=\box66
\@tempa=\box67
\@tempa=\box68
\@tempa=\box69
\@tempa=\box70
\@tempa=\box71
\@tempa=\box72
\@tempa=\box73
\@tempa=\box74
\@tempa=\box75
\@tempa=\box76
\@tempa=\box77
\@tempa=\box78
\@tempa=\box79
\@tempa=\box80
\@tempa=\box81
\@tempa=\box82
\@tempa=\box83
\@tempa=\box84
\@tempa=\box85
\@tempa=\box86
\@tempa=\box87
\@tempa=\box88
\@tempa=\box89
\@tempa=\box90
\@tempa=\box91
\@tempa=\box92
\@tempa=\box93
\@tempa=\box94
\@tempa=\box95
\@tempa=\box96
\@tempa=\box97
\@tempa=\box98
\@tempa=\box99
\@tempa=\box100
\@tempa=\box101
\c@minrows=\count285
\c@columnbadness=\count286
\c@finalcolumnbadness=\count287
\last@try=\dimen171
\multicolovershoot=\dimen172
\multicolundershoot=\dimen173
\mult@nat@firstbox=\box102
\colbreak@box=\box103
\mc@col@check@num=\count288
)
(/usr/local/texlive/2021/texmf-dist/tex/latex/footmisc/footmisc.sty
Package: footmisc 2011/06/06 v5.5b a miscellany of footnote facilities
\FN@temptoken=\toks22
\footnotemargin=\dimen174
\c@pp@next@reset=\count289
Package footmisc Info: Declaring symbol style bringhurst on input line 855.
Package footmisc Info: Declaring symbol style chicago on input line 863.
Package footmisc Info: Declaring symbol style wiley on input line 872.
Package footmisc Info: Declaring symbol style lamport-robust on input line 883.

Package footmisc Info: Declaring symbol style lamport* on input line 903.
Package footmisc Info: Declaring symbol style lamport*-robust on input line 924
.
)
(/usr/local/texlive/2021/texmf-dist/tex/latex/graphics/graphicx.sty
Package: graphicx 2020/09/09 v1.2b Enhanced LaTeX Graphics (DPC,SPQR)

(/usr/local/texlive/2021/texmf-dist/tex/latex/graphics/graphics.sty
Package: graphics 2020/08/30 v1.4c Standard LaTeX Graphics (DPC,SPQR)

(/usr/local/texlive/2021/texmf-dist/tex/latex/graphics/trig.sty
Package: trig 2016/01/03 v1.10 sin cos tan (DPC)
)
(/usr/local/texlive/2021/texmf-dist/tex/latex/graphics-cfg/graphics.cfg
File: graphics.cfg 2016/06/04 v1.11 sample graphics configuration
)
Package graphics Info: Driver file: pdftex.def on input line 105.
)
\Gin@req@height=\dimen175
\Gin@req@width=\dimen176
)
(/usr/local/texlive/2021/texmf-dist/tex/latex/adjustbox/adjustbox.sty
Package: adjustbox 2020/08/19 v1.3 Adjusting TeX boxes (trim, clip, ...)

(/usr/local/texlive/2021/texmf-dist/tex/latex/xkeyval/xkeyval.sty
Package: xkeyval 2020/11/20 v2.8 package option processing (HA)

(/usr/local/texlive/2021/texmf-dist/tex/generic/xkeyval/xkeyval.tex
(/usr/local/texlive/2021/texmf-dist/tex/generic/xkeyval/xkvutils.tex
\XKV@toks=\toks23
\XKV@tempa@toks=\toks24
)
\XKV@depth=\count290
File: xkeyval.tex 2014/12/03 v2.7a key=value parser (HA)
))
(/usr/local/texlive/2021/texmf-dist/tex/latex/adjustbox/adjcalc.sty
Package: adjcalc 2012/05/16 v1.1 Provides advanced setlength with multiple back
-ends (calc, etex, pgfmath)
)
(/usr/local/texlive/2021/texmf-dist/tex/latex/adjustbox/trimclip.sty
Package: trimclip 2020/08/19 v1.2 Trim and clip general TeX material

(/usr/local/texlive/2021/texmf-dist/tex/latex/collectbox/collectbox.sty
Package: collectbox 2012/05/17 v0.4b Collect macro arguments as boxes
\collectedbox=\box104
)
\tc@llx=\dimen177
\tc@lly=\dimen178
\tc@urx=\dimen179
\tc@ury=\dimen180
Package trimclip Info: Using driver 'tc-pdftex.def'.

(/usr/local/texlive/2021/texmf-dist/tex/latex/adjustbox/tc-pdftex.def
File: tc-pdftex.def 2019/01/04 v2.2 Clipping driver for pdftex
))
\adjbox@Width=\dimen181
\adjbox@Height=\dimen182
\adjbox@Depth=\dimen183
\adjbox@Totalheight=\dimen184
\adjbox@pwidth=\dimen185
\adjbox@pheight=\dimen186
\adjbox@pdepth=\dimen187
\adjbox@ptotalheight=\dimen188

(/usr/local/texlive/2021/texmf-dist/tex/latex/ifoddpage/ifoddpage.sty
Package: ifoddpage 2016/04/23 v1.1 Conditionals for odd/even page detection
\c@checkoddpage=\count291
))
(/usr/local/texlive/2021/texmf-dist/tex/latex/l3backend/l3backend-pdftex.def
File: l3backend-pdftex.def 2021-03-18 L3 backend support: PDF output (pdfTeX)
\l__color_backend_stack_int=\count292
\l__pdf_internal_box=\box105
)
No file BMXInvoice26.aux.
\openout1 = `BMXInvoice26.aux'.

LaTeX Font Info:    Checking defaults for OML/cmm/m/it on input line 131.
LaTeX Font Info:    ... okay on input line 131.
LaTeX Font Info:    Checking defaults for OMS/cmsy/m/n on input line 131.
LaTeX Font Info:    ... okay on input line 131.
LaTeX Font Info:    Checking defaults for OT1/cmr/m/n on input line 131.
LaTeX Font Info:    ... okay on input line 131.
LaTeX Font Info:    Checking defaults for T1/cmr/m/n on input line 131.
LaTeX Font Info:    ... okay on input line 131.
LaTeX Font Info:    Checking defaults for TS1/cmr/m/n on input line 131.
LaTeX Font Info:    ... okay on input line 131.
LaTeX Font Info:    Checking defaults for OMX/cmex/m/n on input line 131.
LaTeX Font Info:    ... okay on input line 131.
LaTeX Font Info:    Checking defaults for U/cmr/m/n on input line 131.
LaTeX Font Info:    ... okay on input line 131.
LaTeX Font Info:    Checking defaults for PD1/pdf/m/n on input line 131.
LaTeX Font Info:    ... okay on input line 131.
LaTeX Font Info:    Checking defaults for PU/pdf/m/n on input line 131.
LaTeX Font Info:    ... okay on input line 131.
*geometry* driver: auto-detecting
*geometry* detected driver: pdftex
*geometry* verbose mode - [ preamble ] result:
* driver: pdftex
* paper: a4paper
* layout: <same size as paper>
* layoutoffset:(h,v)=(0.0pt,0.0pt)
* modes: 
* h-part:(L,W,R)=(56.9055pt, 483.69687pt, 56.9055pt)
* v-part:(T,H,B)=(42.67912pt, 759.6886pt, 42.67912pt)
* \paperwidth=597.50787pt
* \paperheight=845.04684pt
* \textwidth=483.69687pt
* \textheight=759.6886pt
* \oddsidemargin=-15.36449pt
* \evensidemargin=-15.36449pt
* \topmargin=-66.59087pt
* \headheight=12.0pt
* \headsep=25.0pt
* \topskip=10.0pt
* \footskip=30.0pt
* \marginparwidth=57.0pt
* \marginparsep=11.0pt
* \columnsep=10.0pt
* \skip\footins=13.0pt plus 6.0pt minus 2.0pt
* \hoffset=0.0pt
* \voffset=0.0pt
* \mag=1000
* \@twocolumnfalse
* \@twosidefalse
* \@mparswitchfalse
* \@reversemarginfalse
* (1in=72.27pt=25.4mm, 1cm=28.453pt)

Package hyperref Info: Link coloring OFF on input line 131.
(/usr/local/texlive/2021/texmf-dist/tex/latex/hyperref/nameref.sty
Package: nameref 2021-04-02 v2.47 Cross-referencing by name of section

(/usr/local/texlive/2021/texmf-dist/tex/latex/refcount/refcount.sty
Package: refcount 2019/12/15 v3.6 Data extraction from label references (HO)
)
(/usr/local/texlive/2021/texmf-dist/tex/generic/gettitlestring/gettitlestring.s
ty
Package: gettitlestring 2019/12/15 v1.6 Cleanup title references (HO)
)
\c@section@level=\count293
)
LaTeX Info: Redefining \ref on input line 131.
LaTeX Info: Redefining \pageref on input line 131.
LaTeX Info: Redefining \nameref on input line 131.
 (/usr/local/texlive/2021/texmf-dist/tex/context/base/mkii/supp-pdf.mkii
[Loading MPS to PDF converter (version 2006.09.02).]
\scratchcounter=\count294
\scratchdimen=\dimen189
\scratchbox=\box106
\nofMPsegments=\count295
\nofMParguments=\count296
\everyMPshowfont=\toks25
\MPscratchCnt=\count297
\MPscratchDim=\dimen190
\MPnumerator=\count298
\makeMPintoPDFobject=\count299
\everyMPtoPDFconversion=\toks26
) (/usr/local/texlive/2021/texmf-dist/tex/latex/epstopdf-pkg/epstopdf-base.sty
Package: epstopdf-base 2020-01-24 v2.11 Base part for package epstopdf
Package epstopdf-base Info: Redefining graphics rule for `.eps' on input line 4
85.

(/usr/local/texlive/2021/texmf-dist/tex/latex/latexconfig/epstopdf-sys.cfg
File: epstopdf-sys.cfg 2010/07/13 v1.3 Configuration of (r)epstopdf for TeX Liv
e
))

LaTeX Font Warning: Font shape `OT1/cmr/m/n' in size <42.67912> not available
(Font)              size <24.88> substituted on input line 143.


LaTeX Font Warning: Font shape `OT1/cmr/m/it' in size <12.51927> not available
(Font)              size <12> substituted on input line 143.


LaTeX Font Warning: Font shape `OT1/cmtt/m/n' in size <42.67912> not available
(Font)              size <24.88> substituted on input line 152.


Overfull \hbox (15.80249pt too wide) in paragraph at lines 143--153
[][] [] 
 []

</Users/abrahamreines/Desktop/BMXLOGO.png, id=4, 614.295pt x 794.97pt>
File: /Users/abrahamreines/Desktop/BMXLOGO.png Graphic file (type png)
<use /Users/abrahamreines/Desktop/BMXLOGO.png>
Package pdftex.def Info: /Users/abrahamreines/Desktop/BMXLOGO.png  used on inpu
t line 155.
(pdftex.def)             Requested size: 48.37263pt x 62.59209pt.
LaTeX Font Info:    External font `cmex10' loaded for size
(Font)              <7> on input line 161.
LaTeX Font Info:    External font `cmex10' loaded for size
(Font)              <5> on input line 161.

Overfull \hbox (13.58028pt too wide) in paragraph at lines 160--162
[]$[]$ 
 []

LaTeX Font Info:    Font shape `OT1/cmtt/bx/n' in size <10> not available
(Font)              Font shape `OT1/cmtt/m/n' tried instead on input line 174.

Overfull \hbox (93.10797pt too wide) in paragraph at lines 165--175
[][][][][][][] 
 []

LaTeX Font Info:    Trying to load font information for TS1+cmtt on input line 
191.
(/usr/local/texlive/2021/texmf-dist/tex/latex/base/ts1cmtt.fd
File: ts1cmtt.fd 2019/12/16 v2.5j Standard LaTeX font definitions
)
Underfull \hbox (badness 10000) in paragraph at lines 230--233

 []


Underfull \hbox (badness 10000) in paragraph at lines 230--233

 []


Underfull \hbox (badness 10000) in paragraph at lines 230--233

 []


LaTeX Font Warning: Font shape `OT1/cmss/m/n' in size <8.53581> not available
(Font)              size <9> substituted on input line 236.


LaTeX Font Warning: Font shape `OT1/cmss/bx/n' in size <8.53581> not available
(Font)              size <9> substituted on input line 236.

LaTeX Font Info:    Trying to load font information for TS1+cmss on input line 
236.
(/usr/local/texlive/2021/texmf-dist/tex/latex/base/ts1cmss.fd
File: ts1cmss.fd 2019/12/16 v2.5j Standard LaTeX font definitions
)

LaTeX Font Warning: Font shape `TS1/cmss/bx/n' in size <8.53581> not available
(Font)              size <9> substituted on input line 236.

[1

{/usr/local/texlive/2021/texmf-var/fonts/map/pdftex/updmap/pdftex.map} </Users/
abrahamreines/Desktop/BMXLOGO.png>] (./BMXInvoice26.aux)

LaTeX Font Warning: Size substitutions with differences
(Font)              up to 17.79912pt have occurred.

 ) 
Here is how much of TeX's memory you used:
 10981 strings out of 478994
 165041 string characters out of 5858184
 486232 words of memory out of 5000000
 28314 multiletter control sequences out of 15000+600000
 406932 words of font info for 40 fonts, out of 8000000 for 9000
 1141 hyphenation exceptions out of 8191
 71i,6n,74p,270b,320s stack positions out of 5000i,500n,10000p,200000b,80000s
{/usr/local/texlive/2021/texmf-dist/fonts/enc/dvips/cm-super/cm-super-ts1.enc
}</usr/local/texlive/2021/texmf-dist/fonts/type1/public/amsfonts/cm/cmbx10.pfb>
</usr/local/texlive/2021/texmf-dist/fonts/type1/public/amsfonts/cm/cmr10.pfb></
usr/local/texlive/2021/texmf-dist/fonts/type1/public/amsfonts/cm/cmr17.pfb></us
r/local/texlive/2021/texmf-dist/fonts/type1/public/amsfonts/cm/cmss9.pfb></usr/
local/texlive/2021/texmf-dist/fonts/type1/public/amsfonts/cm/cmssbx10.pfb></usr
/local/texlive/2021/texmf-dist/fonts/type1/public/amsfonts/cm/cmti12.pfb></usr/
local/texlive/2021/texmf-dist/fonts/type1/public/amsfonts/cm/cmtt10.pfb></usr/l
ocal/texlive/2021/texmf-dist/fonts/type1/public/amsfonts/cm/cmtt12.pfb></usr/lo
cal/texlive/2021/texmf-dist/fonts/type1/public/amsfonts/cm/cmtt8.pfb></usr/loca
l/texlive/2021/texmf-dist/fonts/type1/public/cm-super/sfrm1000.pfb></usr/local/
texlive/2021/texmf-dist/fonts/type1/public/cm-super/sfsx0900.pfb></usr/local/te
xlive/2021/texmf-dist/fonts/type1/public/cm-super/sftt1000.pfb>
Output written on BMXInvoice26.pdf (1 page, 185628 bytes).
PDF statistics:
 66 PDF objects out of 1000 (max. 8388607)
 48 compressed objects within 1 object stream
 3 named destinations out of 1000 (max. 500000)
 6 words of extra memory for PDF output out of 10000 (max. 10000000)

